#
# A fatal error has been detected by the Java Runtime Environment:
#
#  EXCEPTION_ACCESS_VIOLATION (0xc0000005) at pc=0x00007ffc4451a8d2, pid=10344, tid=10392
#
# JRE version: Java(TM) SE Runtime Environment (19.0.1+10) (build 19.0.1+10-21)
# Java VM: Java HotSpot(TM) 64-Bit Server VM (19.0.1+10-21, mixed mode, sharing, tiered, compressed oops, compressed class ptrs, g1 gc, windows-amd64)
# Problematic frame:
# C  [igxelpicd64.dll+0xea8d2]
#
# No core dump will be written. Minidumps are not enabled by default on client versions of Windows
#
# If you would like to submit a bug report, please visit:
#   https://bugreport.java.com/bugreport/crash.jsp
# The crash happened outside the Java Virtual Machine in native code.
# See problematic frame for where to report the bug.
#

---------------  S U M M A R Y ------------

Command Line: -agentlib:jdwp=transport=dt_socket,server=n,suspend=y,address=localhost:57417 -XX:+ShowCodeDetailsInExceptionMessages run.Main

Host: 12th Gen Intel(R) Core(TM) i7-12650H, 16 cores, 15G,  Windows 11 , 64 bit Build 22621 (10.0.22621.1105)
Time: Tue Feb  7 02:16:08 2023 Pacific Standard Time elapsed time: 45.047791 seconds (0d 0h 0m 45s)

---------------  T H R E A D  ---------------

Current thread (0x0000018d979a5fe0):  JavaThread "JDWP Transport Listener: dt_socket" daemon [_thread_in_native, id=10392, stack(0x0000004526300000,0x0000004526400000)]

Stack: [0x0000004526300000,0x0000004526400000],  sp=0x00000045263fe6d0,  free space=1017k
Native frames: (J=compiled Java code, j=interpreted, Vv=VM code, C=native code)
C  [igxelpicd64.dll+0xea8d2]


siginfo: EXCEPTION_ACCESS_VIOLATION (0xc0000005), reading address 0x0000000000035f88


Registers:
RAX=0x0000018da2b39a38, RBX=0x0000018da2b39810, RCX=0x0000000000000000, RDX=0x00000000fffffff4
RSP=0x00000045263fe6d0, RBP=0x0000000000000000, RSI=0x0000018da2b39de8, RDI=0x0000018da2cd14b0
R8 =0x0000000000000014, R9 =0x0000000000000004, R10=0x0000000000000000, R11=0x0000000000000246
R12=0x0000018da2e01b00, R13=0x0000018da2ea5cf0, R14=0x0000000000000000, R15=0x0000000000000016
RIP=0x00007ffc4451a8d2, EFLAGS=0x0000000000010202


Register to memory mapping:

RIP=0x00007ffc4451a8d2 igxelpicd64.dll
RAX=0x0000018da2b39a38 points into unknown readable memory: 0x0000000000000014 | 14 00 00 00 00 00 00 00
RBX=0x0000018da2b39810 points into unknown readable memory: 0x0000018d98737d00 | 00 7d 73 98 8d 01 00 00
RCX=0x0 is NULL
RDX=0x00000000fffffff4 is an unknown value
RSP=0x00000045263fe6d0 is pointing into the stack for thread: 0x0000018d979a5fe0
RBP=0x0 is NULL
RSI=0x0000018da2b39de8 points into unknown readable memory: 0x0000018da2ea5cf0 | f0 5c ea a2 8d 01 00 00
RDI=0x0000018da2cd14b0 points into unknown readable memory: 0x0000018da2e66b00 | 00 6b e6 a2 8d 01 00 00
R8 =0x0000000000000014 is an unknown value
R9 =0x0000000000000004 is an unknown value
R10=0x0 is NULL
R11=0x0000000000000246 is an unknown value
R12=0x0000018da2e01b00 points into unknown readable memory: 0x0000018da2e01901 | 01 19 e0 a2 8d 01 00 00
R13=0x0000018da2ea5cf0 points into unknown readable memory: 0x0000018d98737d00 | 00 7d 73 98 8d 01 00 00
R14=0x0 is NULL
R15=0x0000000000000016 is an unknown value


Top of Stack: (sp=0x00000045263fe6d0)
0x00000045263fe6d0:   0000018d986c99d0 0000000000000000
0x00000045263fe6e0:   016e1295025def94 00007ffcce732e44
0x00000045263fe6f0:   02176a9601339f95 0262889701e39796
0x00000045263fe700:   026c1a9800c4f697 01f1c79801f1ad98
0x00000045263fe710:   0000000000000014 000000000000002a
0x00000045263fe720:   00007404169a0000 0000018da2e01b08
0x00000045263fe730:   0000000000000000 0000000000000000
0x00000045263fe740:   00000045263fe850 00007ffc444fcd7f
0x00000045263fe750:   0000018d986c99d0 0000018da2cd14b0
0x00000045263fe760:   023155a2025d0600 008fefa202109600
0x00000045263fe770:   000000450000025c 01dde8a300000000
0x00000045263fe780:   0000000000000000 00cfada501dd7ba5
0x00000045263fe790:   00a644a60177faa5 00b3e9a6011d95a6
0x00000045263fe7a0:   0239b8a700a836a7 0133c2a700adb8a7
0x00000045263fe7b0:   01d8fda7023ee2a7 024eeaa801c5b3a8
0x00000045263fe7c0:   0280b3a901d9ada9 01fcb1aa01832eaa 

Instructions: (pc=0x00007ffc4451a8d2)
0x00007ffc4451a7d2:   8b fa 48 8b e9 48 8b 1d aa f8 ef 00 48 89 58 08
0x00007ffc4451a7e2:   48 8b cb ff 15 3d 6a a7 00 90 4c 8b af 78 02 00
0x00007ffc4451a7f2:   00 48 8b 05 96 9b df 00 44 8b b8 a8 0b 00 00 45
0x00007ffc4451a802:   33 d2 45 8a f2 4c 89 97 78 02 00 00 44 89 97 80
0x00007ffc4451a812:   02 00 00 4c 89 97 a0 02 00 00 4c 89 97 88 02 00
0x00007ffc4451a822:   00 48 85 ed 75 38 8b 35 22 d2 ef 00 65 48 8b 04
0x00007ffc4451a832:   25 58 00 00 00 b9 14 00 00 00 48 8b 04 f0 44 38
0x00007ffc4451a842:   14 01 0f 84 4a b4 92 00 65 48 8b 04 25 58 00 00
0x00007ffc4451a852:   00 bd 20 00 00 00 48 8b 04 f0 48 8b 2c 28 48 3b
0x00007ffc4451a862:   2d c1 f7 ef 00 45 0f 44 fa 4d 85 ed 0f 84 72 01
0x00007ffc4451a872:   00 00 44 8a a4 24 90 00 00 00 49 8b dd 49 8d b5
0x00007ffc4451a882:   d8 05 00 00 4c 8b 2e 45 84 e4 0f 85 37 03 00 00
0x00007ffc4451a892:   44 8b 8f c8 01 00 00 48 8b 05 f0 9a df 00 83 b8
0x00007ffc4451a8a2:   70 03 00 00 02 75 36 41 8d 51 f0 41 83 f9 10 0f
0x00007ffc4451a8b2:   83 74 01 00 00 4a 8d 04 cd 21 00 00 00 49 03 c1
0x00007ffc4451a8c2:   48 8d 04 c3 48 85 c0 0f 85 4a 01 00 00 49 8b ca
0x00007ffc4451a8d2:   48 3b 8d 88 5f 03 00 0f 87 c2 b3 92 00 48 8d 93
0x00007ffc4451a8e2:   08 01 00 00 4c 39 93 50 06 00 00 0f 85 2d b5 92
0x00007ffc4451a8f2:   00 44 8b 9f c8 01 00 00 48 8b 87 e0 01 00 00 4c
0x00007ffc4451a902:   8b 10 44 8b 87 c8 01 00 00 41 83 f8 10 0f 83 43
0x00007ffc4451a912:   01 00 00 4b 8d 0c c0 48 8d 04 ca 48 85 c0 0f 85
0x00007ffc4451a922:   fc 00 00 00 33 c9 49 3b ca 0f 86 58 01 00 00 45
0x00007ffc4451a932:   33 d2 48 8b 87 78 02 00 00 48 89 06 48 89 9f 78
0x00007ffc4451a942:   02 00 00 ff 87 80 02 00 00 48 8b 43 08 48 8b 88
0x00007ffc4451a952:   18 01 00 00 48 81 e1 00 00 ff ff 48 81 c1 00 00
0x00007ffc4451a962:   01 00 48 01 8f 88 02 00 00 48 8b 43 08 48 8b 88
0x00007ffc4451a972:   18 01 00 00 48 01 8f a0 02 00 00 eb 45 48 8b d3
0x00007ffc4451a982:   41 8b cb e8 26 34 fe ff 45 33 d2 84 c0 75 a3 44
0x00007ffc4451a992:   38 53 1c 0f 84 2e 02 00 00 48 8b 87 08 03 00 00
0x00007ffc4451a9a2:   48 03 87 a0 02 00 00 48 3b 87 a8 02 00 00 0f 83
0x00007ffc4451a9b2:   96 b4 92 00 48 8b d3 48 8b cf e8 cf ef ff ff 45
0x00007ffc4451a9c2:   33 d2 4d 85 ed 0f 85 af fe ff ff 45 84 f6 44 8a 


Stack slot to memory mapping:
stack at sp + 0 slots: 0x0000018d986c99d0 points into unknown readable memory: 0xffffffffffffffff | ff ff ff ff ff ff ff ff
stack at sp + 1 slots: 0x0 is NULL
stack at sp + 2 slots: 0x016e1295025def94 is an unknown value
stack at sp + 3 slots: 0x00007ffcce732e44 ntdll.dll
stack at sp + 4 slots: 0x02176a9601339f95 is an unknown value
stack at sp + 5 slots: 0x0262889701e39796 is an unknown value
stack at sp + 6 slots: 0x026c1a9800c4f697 is an unknown value
stack at sp + 7 slots: 0x01f1c79801f1ad98 is an unknown value


---------------  P R O C E S S  ---------------

Threads class SMR info:
_java_thread_list=0x0000018da2d49830, length=21, elements={
0x0000018d9349ed40, 0x0000018d934a1920, 0x0000018d934a3400, 0x0000018d934aa5c0,
0x0000018d934ab090, 0x0000018d934ab9c0, 0x0000018d934aecc0, 0x0000018d934b79e0,
0x0000018d934b8350, 0x0000018d979a5fe0, 0x0000018d979a8750, 0x0000018d979b34f0,
0x0000018d979b3e90, 0x0000018d97f461d0, 0x0000018d97f55810, 0x0000018d983446d0,
0x0000018d99525880, 0x0000018d99524890, 0x0000018d99525dd0, 0x0000018d99524de0,
0x0000018d99525330
}

Java Threads: ( => current thread )
  0x0000018d9349ed40 JavaThread "Reference Handler" daemon [_thread_blocked, id=11640, stack(0x0000004525800000,0x0000004525900000)]
  0x0000018d934a1920 JavaThread "Finalizer" daemon [_thread_blocked, id=8068, stack(0x0000004525900000,0x0000004525a00000)]
  0x0000018d934a3400 JavaThread "Signal Dispatcher" daemon [_thread_blocked, id=17948, stack(0x0000004525a00000,0x0000004525b00000)]
  0x0000018d934aa5c0 JavaThread "Attach Listener" daemon [_thread_blocked, id=4952, stack(0x0000004525b00000,0x0000004525c00000)]
  0x0000018d934ab090 JavaThread "Service Thread" daemon [_thread_blocked, id=9688, stack(0x0000004525c00000,0x0000004525d00000)]
  0x0000018d934ab9c0 JavaThread "Monitor Deflation Thread" daemon [_thread_blocked, id=11532, stack(0x0000004525d00000,0x0000004525e00000)]
  0x0000018d934aecc0 JavaThread "C2 CompilerThread0" daemon [_thread_blocked, id=1164, stack(0x0000004525e00000,0x0000004525f00000)]
  0x0000018d934b79e0 JavaThread "C1 CompilerThread0" daemon [_thread_blocked, id=21420, stack(0x0000004525f00000,0x0000004526000000)]
  0x0000018d934b8350 JavaThread "Sweeper thread" daemon [_thread_blocked, id=5256, stack(0x0000004526000000,0x0000004526100000)]
=>0x0000018d979a5fe0 JavaThread "JDWP Transport Listener: dt_socket" daemon [_thread_in_native, id=10392, stack(0x0000004526300000,0x0000004526400000)]
  0x0000018d979a8750 JavaThread "JDWP Event Helper Thread" daemon [_thread_blocked, id=2368, stack(0x0000004526400000,0x0000004526500000)]
  0x0000018d979b34f0 JavaThread "Notification Thread" daemon [_thread_blocked, id=21752, stack(0x0000004526600000,0x0000004526700000)]
  0x0000018d979b3e90 JavaThread "Common-Cleaner" daemon [_thread_blocked, id=23092, stack(0x0000004526800000,0x0000004526900000)]
  0x0000018d97f461d0 JavaThread "Java2D Disposer" daemon [_thread_blocked, id=21044, stack(0x0000004526a00000,0x0000004526b00000)]
  0x0000018d97f55810 JavaThread "AWT-Windows" daemon [_thread_in_native, id=23020, stack(0x0000004526c00000,0x0000004526d00000)]
  0x0000018d983446d0 JavaThread "main-SharedResourceRunner" daemon [_thread_blocked, id=17768, stack(0x0000004526f00000,0x0000004527000000)]
  0x0000018d99525880 JavaThread "main-Display-.windows_nil-1-EDT-1" daemon [_thread_blocked, id=24384, stack(0x0000004526e00000,0x0000004526f00000)]
  0x0000018d99524890 JavaThread "HighResTimerThread" daemon [_thread_blocked, id=13688, stack(0x0000004527a00000,0x0000004527b00000)]
  0x0000018d99525dd0 JavaThread "Thread-2" [_thread_blocked, id=3920, stack(0x0000004527b00000,0x0000004527c00000)]
  0x0000018d99524de0 JavaThread "main-FPSAWTAnimator#00-Timer0" [_thread_blocked, id=24140, stack(0x0000004527c00000,0x0000004527d00000)]
  0x0000018d99525330 JavaThread "DestroyJavaVM" [_thread_blocked, id=10580, stack(0x0000004525100000,0x0000004525200000)]

Other Threads:
  0x0000018d934838d0 VMThread "VM Thread" [stack: 0x0000004525700000,0x0000004525800000] [id=1860]
  0x0000018d979b3a30 WatcherThread "VM Periodic Task Thread" [stack: 0x0000004526700000,0x0000004526800000] [id=16640]
  0x0000018def7ab780 WorkerThread "GC Thread#0" [stack: 0x0000004525200000,0x0000004525300000] [id=21824]
  0x0000018d97f63cb0 WorkerThread "GC Thread#1" [stack: 0x0000004527300000,0x0000004527400000] [id=21560]
  0x0000018d97f639e0 WorkerThread "GC Thread#2" [stack: 0x0000004527400000,0x0000004527500000] [id=17484]
  0x0000018d97f63440 WorkerThread "GC Thread#3" [stack: 0x0000004527500000,0x0000004527600000] [id=21612]
  0x0000018d97f63710 WorkerThread "GC Thread#4" [stack: 0x0000004527600000,0x0000004527700000] [id=22524]
  0x0000018d97f63f80 WorkerThread "GC Thread#5" [stack: 0x0000004527700000,0x0000004527800000] [id=11352]
  0x0000018d97f62bd0 WorkerThread "GC Thread#6" [stack: 0x0000004527800000,0x0000004527900000] [id=10600]
  0x0000018d97f64250 WorkerThread "GC Thread#7" [stack: 0x0000004527900000,0x0000004527a00000] [id=21164]
  0x0000018def7bc0f0 ConcurrentGCThread "G1 Main Marker" [stack: 0x0000004525300000,0x0000004525400000] [id=6600]
  0x0000018def7bce20 WorkerThread "G1 Conc#0" [stack: 0x0000004525400000,0x0000004525500000] [id=25280]
  0x0000018d9333ea00 ConcurrentGCThread "G1 Refine#0" [stack: 0x0000004525500000,0x0000004525600000] [id=22388]
  0x0000018d9333f540 ConcurrentGCThread "G1 Service" [stack: 0x0000004525600000,0x0000004525700000] [id=7724]

Threads with active compile tasks:

VM state: not at safepoint (normal execution)

VM Mutex/Monitor currently owned by a thread: None

Heap address: 0x0000000705e00000, size: 4002 MB, Compressed Oops mode: Zero based, Oop shift amount: 3

CDS archive(s) mapped at: [0x0000000800000000-0x0000000800c40000-0x0000000800c40000), size 12845056, SharedBaseAddress: 0x0000000800000000, ArchiveRelocationMode: 0.
Compressed class space mapped at: 0x0000000801000000-0x0000000841000000, reserved size: 1073741824
Narrow klass base: 0x0000000800000000, Narrow klass shift: 0, Narrow klass range: 0x100000000

GC Precious Log:
 CardTable entry size: 512
 Card Set container configuration: InlinePtr #cards 4 size 8 Array Of Cards #cards 16 size 48 Howl #buckets 8 coarsen threshold 3686 Howl Bitmap #cards 512 size 80 coarsen threshold 460 Card regions per heap region 1 cards per card region 4096
 CPUs: 16 total, 16 available
 Memory: 16006M
 Large Page Support: Disabled
 NUMA Support: Disabled
 Compressed Oops: Enabled (Zero based)
 Heap Region Size: 2M
 Heap Min Capacity: 8M
 Heap Initial Capacity: 252M
 Heap Max Capacity: 4002M
 Pre-touch: Disabled
 Parallel Workers: 13
 Concurrent Workers: 3
 Concurrent Refinement Workers: 13
 Periodic GC: Disabled

Heap:
 garbage-first heap   total 258048K, used 25346K [0x0000000705e00000, 0x0000000800000000)
  region size 2048K, 13 young (26624K), 2 survivors (4096K)
 Metaspace       used 12604K, committed 12864K, reserved 1114112K
  class space    used 890K, committed 1024K, reserved 1048576K

Heap Regions: E=young(eden), S=young(survivor), O=old, HS=humongous(starts), HC=humongous(continues), CS=collection set, F=free, OA=open archive, CA=closed archive, TAMS=top-at-mark-start (previous, next)
|   0|0x0000000705e00000, 0x0000000706000000, 0x0000000706000000|100%|HS|  |TAMS 0x0000000705e00000, 0x0000000705e00000| Complete 
|   1|0x0000000706000000, 0x0000000706000000, 0x0000000706200000|  0%| F|  |TAMS 0x0000000706000000, 0x0000000706000000| Untracked 
|   2|0x0000000706200000, 0x0000000706200000, 0x0000000706400000|  0%| F|  |TAMS 0x0000000706200000, 0x0000000706200000| Untracked 
|   3|0x0000000706400000, 0x0000000706400000, 0x0000000706600000|  0%| F|  |TAMS 0x0000000706400000, 0x0000000706400000| Untracked 
|   4|0x0000000706600000, 0x0000000706600000, 0x0000000706800000|  0%| F|  |TAMS 0x0000000706600000, 0x0000000706600000| Untracked 
|   5|0x0000000706800000, 0x0000000706800000, 0x0000000706a00000|  0%| F|  |TAMS 0x0000000706800000, 0x0000000706800000| Untracked 
|   6|0x0000000706a00000, 0x0000000706a00000, 0x0000000706c00000|  0%| F|  |TAMS 0x0000000706a00000, 0x0000000706a00000| Untracked 
|   7|0x0000000706c00000, 0x0000000706c00000, 0x0000000706e00000|  0%| F|  |TAMS 0x0000000706c00000, 0x0000000706c00000| Untracked 
|   8|0x0000000706e00000, 0x0000000706e00000, 0x0000000707000000|  0%| F|  |TAMS 0x0000000706e00000, 0x0000000706e00000| Untracked 
|   9|0x0000000707000000, 0x0000000707000000, 0x0000000707200000|  0%| F|  |TAMS 0x0000000707000000, 0x0000000707000000| Untracked 
|  10|0x0000000707200000, 0x0000000707200000, 0x0000000707400000|  0%| F|  |TAMS 0x0000000707200000, 0x0000000707200000| Untracked 
|  11|0x0000000707400000, 0x0000000707400000, 0x0000000707600000|  0%| F|  |TAMS 0x0000000707400000, 0x0000000707400000| Untracked 
|  12|0x0000000707600000, 0x0000000707600000, 0x0000000707800000|  0%| F|  |TAMS 0x0000000707600000, 0x0000000707600000| Untracked 
|  13|0x0000000707800000, 0x0000000707800000, 0x0000000707a00000|  0%| F|  |TAMS 0x0000000707800000, 0x0000000707800000| Untracked 
|  14|0x0000000707a00000, 0x0000000707a00000, 0x0000000707c00000|  0%| F|  |TAMS 0x0000000707a00000, 0x0000000707a00000| Untracked 
|  15|0x0000000707c00000, 0x0000000707c00000, 0x0000000707e00000|  0%| F|  |TAMS 0x0000000707c00000, 0x0000000707c00000| Untracked 
|  16|0x0000000707e00000, 0x0000000707e00000, 0x0000000708000000|  0%| F|  |TAMS 0x0000000707e00000, 0x0000000707e00000| Untracked 
|  17|0x0000000708000000, 0x0000000708000000, 0x0000000708200000|  0%| F|  |TAMS 0x0000000708000000, 0x0000000708000000| Untracked 
|  18|0x0000000708200000, 0x0000000708200000, 0x0000000708400000|  0%| F|  |TAMS 0x0000000708200000, 0x0000000708200000| Untracked 
|  19|0x0000000708400000, 0x0000000708400000, 0x0000000708600000|  0%| F|  |TAMS 0x0000000708400000, 0x0000000708400000| Untracked 
|  20|0x0000000708600000, 0x0000000708600000, 0x0000000708800000|  0%| F|  |TAMS 0x0000000708600000, 0x0000000708600000| Untracked 
|  21|0x0000000708800000, 0x0000000708800000, 0x0000000708a00000|  0%| F|  |TAMS 0x0000000708800000, 0x0000000708800000| Untracked 
|  22|0x0000000708a00000, 0x0000000708a00000, 0x0000000708c00000|  0%| F|  |TAMS 0x0000000708a00000, 0x0000000708a00000| Untracked 
|  23|0x0000000708c00000, 0x0000000708c00000, 0x0000000708e00000|  0%| F|  |TAMS 0x0000000708c00000, 0x0000000708c00000| Untracked 
|  24|0x0000000708e00000, 0x0000000708e00000, 0x0000000709000000|  0%| F|  |TAMS 0x0000000708e00000, 0x0000000708e00000| Untracked 
|  25|0x0000000709000000, 0x0000000709000000, 0x0000000709200000|  0%| F|  |TAMS 0x0000000709000000, 0x0000000709000000| Untracked 
|  26|0x0000000709200000, 0x0000000709200000, 0x0000000709400000|  0%| F|  |TAMS 0x0000000709200000, 0x0000000709200000| Untracked 
|  27|0x0000000709400000, 0x0000000709400000, 0x0000000709600000|  0%| F|  |TAMS 0x0000000709400000, 0x0000000709400000| Untracked 
|  28|0x0000000709600000, 0x0000000709600000, 0x0000000709800000|  0%| F|  |TAMS 0x0000000709600000, 0x0000000709600000| Untracked 
|  29|0x0000000709800000, 0x0000000709800000, 0x0000000709a00000|  0%| F|  |TAMS 0x0000000709800000, 0x0000000709800000| Untracked 
|  30|0x0000000709a00000, 0x0000000709a00000, 0x0000000709c00000|  0%| F|  |TAMS 0x0000000709a00000, 0x0000000709a00000| Untracked 
|  31|0x0000000709c00000, 0x0000000709c00000, 0x0000000709e00000|  0%| F|  |TAMS 0x0000000709c00000, 0x0000000709c00000| Untracked 
|  32|0x0000000709e00000, 0x0000000709e00000, 0x000000070a000000|  0%| F|  |TAMS 0x0000000709e00000, 0x0000000709e00000| Untracked 
|  33|0x000000070a000000, 0x000000070a000000, 0x000000070a200000|  0%| F|  |TAMS 0x000000070a000000, 0x000000070a000000| Untracked 
|  34|0x000000070a200000, 0x000000070a200000, 0x000000070a400000|  0%| F|  |TAMS 0x000000070a200000, 0x000000070a200000| Untracked 
|  35|0x000000070a400000, 0x000000070a400000, 0x000000070a600000|  0%| F|  |TAMS 0x000000070a400000, 0x000000070a400000| Untracked 
|  36|0x000000070a600000, 0x000000070a600000, 0x000000070a800000|  0%| F|  |TAMS 0x000000070a600000, 0x000000070a600000| Untracked 
|  37|0x000000070a800000, 0x000000070a800000, 0x000000070aa00000|  0%| F|  |TAMS 0x000000070a800000, 0x000000070a800000| Untracked 
|  38|0x000000070aa00000, 0x000000070aa00000, 0x000000070ac00000|  0%| F|  |TAMS 0x000000070aa00000, 0x000000070aa00000| Untracked 
|  39|0x000000070ac00000, 0x000000070ac00000, 0x000000070ae00000|  0%| F|  |TAMS 0x000000070ac00000, 0x000000070ac00000| Untracked 
|  40|0x000000070ae00000, 0x000000070ae00000, 0x000000070b000000|  0%| F|  |TAMS 0x000000070ae00000, 0x000000070ae00000| Untracked 
|  41|0x000000070b000000, 0x000000070b000000, 0x000000070b200000|  0%| F|  |TAMS 0x000000070b000000, 0x000000070b000000| Untracked 
|  42|0x000000070b200000, 0x000000070b200000, 0x000000070b400000|  0%| F|  |TAMS 0x000000070b200000, 0x000000070b200000| Untracked 
|  43|0x000000070b400000, 0x000000070b400000, 0x000000070b600000|  0%| F|  |TAMS 0x000000070b400000, 0x000000070b400000| Untracked 
|  44|0x000000070b600000, 0x000000070b600000, 0x000000070b800000|  0%| F|  |TAMS 0x000000070b600000, 0x000000070b600000| Untracked 
|  45|0x000000070b800000, 0x000000070b800000, 0x000000070ba00000|  0%| F|  |TAMS 0x000000070b800000, 0x000000070b800000| Untracked 
|  46|0x000000070ba00000, 0x000000070ba00000, 0x000000070bc00000|  0%| F|  |TAMS 0x000000070ba00000, 0x000000070ba00000| Untracked 
|  47|0x000000070bc00000, 0x000000070bc00000, 0x000000070be00000|  0%| F|  |TAMS 0x000000070bc00000, 0x000000070bc00000| Untracked 
|  48|0x000000070be00000, 0x000000070be00000, 0x000000070c000000|  0%| F|  |TAMS 0x000000070be00000, 0x000000070be00000| Untracked 
|  49|0x000000070c000000, 0x000000070c000000, 0x000000070c200000|  0%| F|  |TAMS 0x000000070c000000, 0x000000070c000000| Untracked 
|  50|0x000000070c200000, 0x000000070c200000, 0x000000070c400000|  0%| F|  |TAMS 0x000000070c200000, 0x000000070c200000| Untracked 
|  51|0x000000070c400000, 0x000000070c400000, 0x000000070c600000|  0%| F|  |TAMS 0x000000070c400000, 0x000000070c400000| Untracked 
|  52|0x000000070c600000, 0x000000070c600000, 0x000000070c800000|  0%| F|  |TAMS 0x000000070c600000, 0x000000070c600000| Untracked 
|  53|0x000000070c800000, 0x000000070c800000, 0x000000070ca00000|  0%| F|  |TAMS 0x000000070c800000, 0x000000070c800000| Untracked 
|  54|0x000000070ca00000, 0x000000070ca00000, 0x000000070cc00000|  0%| F|  |TAMS 0x000000070ca00000, 0x000000070ca00000| Untracked 
|  55|0x000000070cc00000, 0x000000070cc00000, 0x000000070ce00000|  0%| F|  |TAMS 0x000000070cc00000, 0x000000070cc00000| Untracked 
|  56|0x000000070ce00000, 0x000000070ce00000, 0x000000070d000000|  0%| F|  |TAMS 0x000000070ce00000, 0x000000070ce00000| Untracked 
|  57|0x000000070d000000, 0x000000070d000000, 0x000000070d200000|  0%| F|  |TAMS 0x000000070d000000, 0x000000070d000000| Untracked 
|  58|0x000000070d200000, 0x000000070d200000, 0x000000070d400000|  0%| F|  |TAMS 0x000000070d200000, 0x000000070d200000| Untracked 
|  59|0x000000070d400000, 0x000000070d400000, 0x000000070d600000|  0%| F|  |TAMS 0x000000070d400000, 0x000000070d400000| Untracked 
|  60|0x000000070d600000, 0x000000070d600000, 0x000000070d800000|  0%| F|  |TAMS 0x000000070d600000, 0x000000070d600000| Untracked 
|  61|0x000000070d800000, 0x000000070d800000, 0x000000070da00000|  0%| F|  |TAMS 0x000000070d800000, 0x000000070d800000| Untracked 
|  62|0x000000070da00000, 0x000000070da00000, 0x000000070dc00000|  0%| F|  |TAMS 0x000000070da00000, 0x000000070da00000| Untracked 
|  63|0x000000070dc00000, 0x000000070dc00000, 0x000000070de00000|  0%| F|  |TAMS 0x000000070dc00000, 0x000000070dc00000| Untracked 
|  64|0x000000070de00000, 0x000000070de00000, 0x000000070e000000|  0%| F|  |TAMS 0x000000070de00000, 0x000000070de00000| Untracked 
|  65|0x000000070e000000, 0x000000070e000000, 0x000000070e200000|  0%| F|  |TAMS 0x000000070e000000, 0x000000070e000000| Untracked 
|  66|0x000000070e200000, 0x000000070e200000, 0x000000070e400000|  0%| F|  |TAMS 0x000000070e200000, 0x000000070e200000| Untracked 
|  67|0x000000070e400000, 0x000000070e400000, 0x000000070e600000|  0%| F|  |TAMS 0x000000070e400000, 0x000000070e400000| Untracked 
|  68|0x000000070e600000, 0x000000070e600000, 0x000000070e800000|  0%| F|  |TAMS 0x000000070e600000, 0x000000070e600000| Untracked 
|  69|0x000000070e800000, 0x000000070e800000, 0x000000070ea00000|  0%| F|  |TAMS 0x000000070e800000, 0x000000070e800000| Untracked 
|  70|0x000000070ea00000, 0x000000070ea00000, 0x000000070ec00000|  0%| F|  |TAMS 0x000000070ea00000, 0x000000070ea00000| Untracked 
|  71|0x000000070ec00000, 0x000000070ec00000, 0x000000070ee00000|  0%| F|  |TAMS 0x000000070ec00000, 0x000000070ec00000| Untracked 
|  72|0x000000070ee00000, 0x000000070ee00000, 0x000000070f000000|  0%| F|  |TAMS 0x000000070ee00000, 0x000000070ee00000| Untracked 
|  73|0x000000070f000000, 0x000000070f000000, 0x000000070f200000|  0%| F|  |TAMS 0x000000070f000000, 0x000000070f000000| Untracked 
|  74|0x000000070f200000, 0x000000070f200000, 0x000000070f400000|  0%| F|  |TAMS 0x000000070f200000, 0x000000070f200000| Untracked 
|  75|0x000000070f400000, 0x000000070f400000, 0x000000070f600000|  0%| F|  |TAMS 0x000000070f400000, 0x000000070f400000| Untracked 
|  76|0x000000070f600000, 0x000000070f600000, 0x000000070f800000|  0%| F|  |TAMS 0x000000070f600000, 0x000000070f600000| Untracked 
|  77|0x000000070f800000, 0x000000070f800000, 0x000000070fa00000|  0%| F|  |TAMS 0x000000070f800000, 0x000000070f800000| Untracked 
|  78|0x000000070fa00000, 0x000000070fa00000, 0x000000070fc00000|  0%| F|  |TAMS 0x000000070fa00000, 0x000000070fa00000| Untracked 
|  79|0x000000070fc00000, 0x000000070fc00000, 0x000000070fe00000|  0%| F|  |TAMS 0x000000070fc00000, 0x000000070fc00000| Untracked 
|  80|0x000000070fe00000, 0x000000070fe00000, 0x0000000710000000|  0%| F|  |TAMS 0x000000070fe00000, 0x000000070fe00000| Untracked 
|  81|0x0000000710000000, 0x0000000710000000, 0x0000000710200000|  0%| F|  |TAMS 0x0000000710000000, 0x0000000710000000| Untracked 
|  82|0x0000000710200000, 0x0000000710200000, 0x0000000710400000|  0%| F|  |TAMS 0x0000000710200000, 0x0000000710200000| Untracked 
|  83|0x0000000710400000, 0x0000000710400000, 0x0000000710600000|  0%| F|  |TAMS 0x0000000710400000, 0x0000000710400000| Untracked 
|  84|0x0000000710600000, 0x0000000710600000, 0x0000000710800000|  0%| F|  |TAMS 0x0000000710600000, 0x0000000710600000| Untracked 
|  85|0x0000000710800000, 0x0000000710800000, 0x0000000710a00000|  0%| F|  |TAMS 0x0000000710800000, 0x0000000710800000| Untracked 
|  86|0x0000000710a00000, 0x0000000710a00000, 0x0000000710c00000|  0%| F|  |TAMS 0x0000000710a00000, 0x0000000710a00000| Untracked 
|  87|0x0000000710c00000, 0x0000000710c00000, 0x0000000710e00000|  0%| F|  |TAMS 0x0000000710c00000, 0x0000000710c00000| Untracked 
|  88|0x0000000710e00000, 0x0000000710e00000, 0x0000000711000000|  0%| F|  |TAMS 0x0000000710e00000, 0x0000000710e00000| Untracked 
|  89|0x0000000711000000, 0x0000000711000000, 0x0000000711200000|  0%| F|  |TAMS 0x0000000711000000, 0x0000000711000000| Untracked 
|  90|0x0000000711200000, 0x0000000711200000, 0x0000000711400000|  0%| F|  |TAMS 0x0000000711200000, 0x0000000711200000| Untracked 
|  91|0x0000000711400000, 0x0000000711400000, 0x0000000711600000|  0%| F|  |TAMS 0x0000000711400000, 0x0000000711400000| Untracked 
|  92|0x0000000711600000, 0x0000000711600000, 0x0000000711800000|  0%| F|  |TAMS 0x0000000711600000, 0x0000000711600000| Untracked 
|  93|0x0000000711800000, 0x0000000711800000, 0x0000000711a00000|  0%| F|  |TAMS 0x0000000711800000, 0x0000000711800000| Untracked 
|  94|0x0000000711a00000, 0x0000000711a00000, 0x0000000711c00000|  0%| F|  |TAMS 0x0000000711a00000, 0x0000000711a00000| Untracked 
|  95|0x0000000711c00000, 0x0000000711c00000, 0x0000000711e00000|  0%| F|  |TAMS 0x0000000711c00000, 0x0000000711c00000| Untracked 
|  96|0x0000000711e00000, 0x0000000711e00000, 0x0000000712000000|  0%| F|  |TAMS 0x0000000711e00000, 0x0000000711e00000| Untracked 
|  97|0x0000000712000000, 0x0000000712000000, 0x0000000712200000|  0%| F|  |TAMS 0x0000000712000000, 0x0000000712000000| Untracked 
|  98|0x0000000712200000, 0x0000000712200000, 0x0000000712400000|  0%| F|  |TAMS 0x0000000712200000, 0x0000000712200000| Untracked 
|  99|0x0000000712400000, 0x0000000712400000, 0x0000000712600000|  0%| F|  |TAMS 0x0000000712400000, 0x0000000712400000| Untracked 
| 100|0x0000000712600000, 0x0000000712600000, 0x0000000712800000|  0%| F|  |TAMS 0x0000000712600000, 0x0000000712600000| Untracked 
| 101|0x0000000712800000, 0x0000000712800000, 0x0000000712a00000|  0%| F|  |TAMS 0x0000000712800000, 0x0000000712800000| Untracked 
| 102|0x0000000712a00000, 0x0000000712a00000, 0x0000000712c00000|  0%| F|  |TAMS 0x0000000712a00000, 0x0000000712a00000| Untracked 
| 103|0x0000000712c00000, 0x0000000712c00000, 0x0000000712e00000|  0%| F|  |TAMS 0x0000000712c00000, 0x0000000712c00000| Untracked 
| 104|0x0000000712e00000, 0x0000000712e00000, 0x0000000713000000|  0%| F|  |TAMS 0x0000000712e00000, 0x0000000712e00000| Untracked 
| 105|0x0000000713000000, 0x0000000713000000, 0x0000000713200000|  0%| F|  |TAMS 0x0000000713000000, 0x0000000713000000| Untracked 
| 106|0x0000000713200000, 0x0000000713200000, 0x0000000713400000|  0%| F|  |TAMS 0x0000000713200000, 0x0000000713200000| Untracked 
| 107|0x0000000713400000, 0x0000000713400000, 0x0000000713600000|  0%| F|  |TAMS 0x0000000713400000, 0x0000000713400000| Untracked 
| 108|0x0000000713600000, 0x0000000713600000, 0x0000000713800000|  0%| F|  |TAMS 0x0000000713600000, 0x0000000713600000| Untracked 
| 109|0x0000000713800000, 0x0000000713800000, 0x0000000713a00000|  0%| F|  |TAMS 0x0000000713800000, 0x0000000713800000| Untracked 
| 110|0x0000000713a00000, 0x0000000713a00000, 0x0000000713c00000|  0%| F|  |TAMS 0x0000000713a00000, 0x0000000713a00000| Untracked 
| 111|0x0000000713c00000, 0x0000000713c00000, 0x0000000713e00000|  0%| F|  |TAMS 0x0000000713c00000, 0x0000000713c00000| Untracked 
| 112|0x0000000713e00000, 0x0000000713e00000, 0x0000000714000000|  0%| F|  |TAMS 0x0000000713e00000, 0x0000000713e00000| Untracked 
| 113|0x0000000714000000, 0x00000007140c0a80, 0x0000000714200000| 37%| S|CS|TAMS 0x0000000714000000, 0x0000000714000000| Complete 
| 114|0x0000000714200000, 0x0000000714400000, 0x0000000714400000|100%| S|CS|TAMS 0x0000000714200000, 0x0000000714200000| Complete 
| 115|0x0000000714400000, 0x0000000714469ff8, 0x0000000714600000| 20%| E|  |TAMS 0x0000000714400000, 0x0000000714400000| Complete 
| 116|0x0000000714600000, 0x0000000714800000, 0x0000000714800000|100%| E|CS|TAMS 0x0000000714600000, 0x0000000714600000| Complete 
| 117|0x0000000714800000, 0x0000000714a00000, 0x0000000714a00000|100%| E|CS|TAMS 0x0000000714800000, 0x0000000714800000| Complete 
| 118|0x0000000714a00000, 0x0000000714c00000, 0x0000000714c00000|100%| E|CS|TAMS 0x0000000714a00000, 0x0000000714a00000| Complete 
| 119|0x0000000714c00000, 0x0000000714e00000, 0x0000000714e00000|100%| E|CS|TAMS 0x0000000714c00000, 0x0000000714c00000| Complete 
| 120|0x0000000714e00000, 0x0000000715000000, 0x0000000715000000|100%| E|CS|TAMS 0x0000000714e00000, 0x0000000714e00000| Complete 
| 121|0x0000000715000000, 0x0000000715200000, 0x0000000715200000|100%| E|CS|TAMS 0x0000000715000000, 0x0000000715000000| Complete 
| 122|0x0000000715200000, 0x0000000715400000, 0x0000000715400000|100%| E|CS|TAMS 0x0000000715200000, 0x0000000715200000| Complete 
| 123|0x0000000715400000, 0x0000000715600000, 0x0000000715600000|100%| E|CS|TAMS 0x0000000715400000, 0x0000000715400000| Complete 
| 124|0x0000000715600000, 0x0000000715800000, 0x0000000715800000|100%| E|CS|TAMS 0x0000000715600000, 0x0000000715600000| Complete 
| 125|0x0000000715800000, 0x0000000715a00000, 0x0000000715a00000|100%| E|CS|TAMS 0x0000000715800000, 0x0000000715800000| Complete 

Card table byte_map: [0x0000018df8720000,0x0000018df8f00000] _byte_map_base: 0x0000018df4ef1000

Marking Bits (Prev, Next): (CMBitMap*) 0x0000018def7abdb0, (CMBitMap*) 0x0000018def7abdf0
 Prev Bits: [0x0000018df96e0000, 0x0000018dfd568000)
 Next Bits: [0x0000018d8f000000, 0x0000018d92e88000)

Polling page: 0x0000018deef00000

Metaspace:

Usage:
  Non-class:     11.44 MB used.
      Class:    890.72 KB used.
       Both:     12.31 MB used.

Virtual space:
  Non-class space:       64.00 MB reserved,      11.56 MB ( 18%) committed,  1 nodes.
      Class space:        1.00 GB reserved,       1.00 MB ( <1%) committed,  1 nodes.
             Both:        1.06 GB reserved,      12.56 MB (  1%) committed. 

Chunk freelists:
   Non-Class:  3.97 MB
       Class:  2.92 MB
        Both:  6.89 MB

MaxMetaspaceSize: unlimited
CompressedClassSpaceSize: 1.00 GB
Initial GC threshold: 21.00 MB
Current GC threshold: 21.00 MB
CDS: on
MetaspaceReclaimPolicy: balanced
 - commit_granule_bytes: 65536.
 - commit_granule_words: 8192.
 - virtual_space_node_default_size: 8388608.
 - enlarge_chunks_in_place: 1.
 - new_chunks_are_fully_committed: 0.
 - uncommit_free_chunks: 1.
 - use_allocation_guard: 0.


Internal statistics:

num_allocs_failed_limit: 0.
num_arena_births: 162.
num_arena_deaths: 0.
num_vsnodes_births: 2.
num_vsnodes_deaths: 0.
num_space_committed: 197.
num_space_uncommitted: 0.
num_chunks_returned_to_freelist: 0.
num_chunks_taken_from_freelist: 422.
num_chunk_merges: 0.
num_chunk_splits: 329.
num_chunks_enlarged: 265.
num_inconsistent_stats: 0.

CodeHeap 'non-profiled nmethods': size=119168Kb used=538Kb max_used=538Kb free=118629Kb
 bounds [0x0000018d87ba0000, 0x0000018d87e10000, 0x0000018d8f000000]
CodeHeap 'profiled nmethods': size=119104Kb used=2509Kb max_used=2509Kb free=116594Kb
 bounds [0x0000018d80000000, 0x0000018d80280000, 0x0000018d87450000]
CodeHeap 'non-nmethods': size=7488Kb used=1684Kb max_used=2840Kb free=5803Kb
 bounds [0x0000018d87450000, 0x0000018d87720000, 0x0000018d87ba0000]
 total_blobs=2311 nmethods=1371 adapters=851
 compilation: enabled
              stopped_count=0, restarted_count=0
 full_count=0

Compilation events (20 events):
Event: 8.129 Thread 0x0000018d934b79e0 1361   !   3       java.util.concurrent.LinkedBlockingQueue::offer (131 bytes)
Event: 8.131 Thread 0x0000018d934b79e0 nmethod 1361 0x0000018d8026c410 code [0x0000018d8026c800, 0x0000018d8026e618]
Event: 8.131 Thread 0x0000018d934b79e0 1362       3       java.util.concurrent.LinkedBlockingQueue::enqueue (14 bytes)
Event: 8.131 Thread 0x0000018d934b79e0 nmethod 1362 0x0000018d8026f190 code [0x0000018d8026f340, 0x0000018d8026f518]
Event: 8.131 Thread 0x0000018d934b79e0 1364       3       processing.opengl.PSurfaceJOGL::nativeMouseEvent (289 bytes)
Event: 8.133 Thread 0x0000018d934b79e0 nmethod 1364 0x0000018d8026f610 code [0x0000018d8026f920, 0x0000018d80270ca8]
Event: 8.133 Thread 0x0000018d934b79e0 1365       3       processing.event.MouseEvent::<init> (40 bytes)
Event: 8.133 Thread 0x0000018d934b79e0 nmethod 1365 0x0000018d80271590 code [0x0000018d80271740, 0x0000018d802719b8]
Event: 8.133 Thread 0x0000018d934b79e0 1366       3       jogamp.newt.WindowImpl::sendMouseEvent (21 bytes)
Event: 8.133 Thread 0x0000018d934b79e0 nmethod 1366 0x0000018d80271b10 code [0x0000018d80271ce0, 0x0000018d80271f38]
Event: 8.133 Thread 0x0000018d934b79e0 1367       3       com.jogamp.newt.event.MouseEvent::getRotationXYZ (36 bytes)
Event: 8.133 Thread 0x0000018d934b79e0 nmethod 1367 0x0000018d80272090 code [0x0000018d80272240, 0x0000018d80272458]
Event: 8.133 Thread 0x0000018d934b79e0 1368       3       jogamp.newt.WindowImpl::doMouseEvent (93 bytes)
Event: 8.134 Thread 0x0000018d934b79e0 nmethod 1368 0x0000018d80272510 code [0x0000018d80272780, 0x0000018d80273158]
Event: 18.793 Thread 0x0000018d934aecc0 1369       4       jogamp.newt.DefaultEDTUtil::access$100 (4 bytes)
Event: 18.794 Thread 0x0000018d934aecc0 nmethod 1369 0x0000018d87c26190 code [0x0000018d87c26300, 0x0000018d87c26378]
Event: 22.030 Thread 0x0000018d934aecc0 1370   !   4       jdk.internal.misc.Blocker::begin (97 bytes)
Event: 22.032 Thread 0x0000018d934aecc0 nmethod 1370 0x0000018d87c26490 code [0x0000018d87c26620, 0x0000018d87c266d8]
Event: 22.076 Thread 0x0000018d934aecc0 1371       4       jdk.internal.misc.Blocker::end (71 bytes)
Event: 22.078 Thread 0x0000018d934aecc0 nmethod 1371 0x0000018d87c26810 code [0x0000018d87c26980, 0x0000018d87c269f8]

GC Heap History (2 events):
Event: 1.175 GC heap before
{Heap before GC invocations=0 (full 0):
 garbage-first heap   total 258048K, used 20480K [0x0000000705e00000, 0x0000000800000000)
  region size 2048K, 11 young (22528K), 0 survivors (0K)
 Metaspace       used 10900K, committed 11200K, reserved 1114112K
  class space    used 740K, committed 896K, reserved 1048576K
}
Event: 1.183 GC heap after
{Heap after GC invocations=1 (full 0):
 garbage-first heap   total 258048K, used 2818K [0x0000000705e00000, 0x0000000800000000)
  region size 2048K, 2 young (4096K), 2 survivors (4096K)
 Metaspace       used 10900K, committed 11200K, reserved 1114112K
  class space    used 740K, committed 896K, reserved 1048576K
}

Dll operation events (14 events):
Event: 0.008 Loaded shared library C:\Program Files\Java\jdk-19\bin\java.dll
Event: 0.016 Loaded shared library C:\Program Files\Java\jdk-19\bin\jsvml.dll
Event: 0.217 Loaded shared library C:\Program Files\Java\jdk-19\bin\net.dll
Event: 0.218 Loaded shared library C:\Program Files\Java\jdk-19\bin\nio.dll
Event: 0.222 Loaded shared library C:\Program Files\Java\jdk-19\bin\zip.dll
Event: 0.263 Loaded shared library C:\Program Files\Java\jdk-19\bin\jimage.dll
Event: 0.268 Loaded shared library C:\Program Files\Java\jdk-19\bin\awt.dll
Event: 0.664 Loaded shared library C:\Users\jayse\AppData\Local\Temp\jogamp_0000\file_cache\jln789023578868980617\jln9758156012556387314\natives\windows-amd64\gluegen_rt.dll
Event: 0.674 Loaded shared library C:\Program Files\Java\jdk-19\bin\jawt.dll
Event: 0.700 Loaded shared library C:\Users\jayse\AppData\Local\Temp\jogamp_0000\file_cache\jln789023578868980617\jln9758156012556387314\natives\windows-amd64\nativewindow_awt.dll
Event: 0.747 Loaded shared library C:\Users\jayse\AppData\Local\Temp\jogamp_0000\file_cache\jln789023578868980617\jln9758156012556387314\natives\windows-amd64\nativewindow_win32.dll
Event: 0.869 Loaded shared library C:\Users\jayse\AppData\Local\Temp\jogamp_0000\file_cache\jln789023578868980617\jln9758156012556387314\natives\windows-amd64\jogl_desktop.dll
Event: 0.997 Loaded shared library C:\Users\jayse\AppData\Local\Temp\jogamp_0000\file_cache\jln789023578868980617\jln9758156012556387314\natives\windows-amd64\jogl_mobile.dll
Event: 1.789 Loaded shared library C:\Users\jayse\AppData\Local\Temp\jogamp_0000\file_cache\jln789023578868980617\jln9758156012556387314\natives\windows-amd64\newt_head.dll

Deoptimization events (20 events):
Event: 1.853 Thread 0x0000018def73bd80 DEOPT PACKING pc=0x0000018d80235399 sp=0x00000045251fe220
Event: 1.853 Thread 0x0000018def73bd80 DEOPT UNPACKING pc=0x0000018d874b7543 sp=0x00000045251fd6d0 mode 0
Event: 1.853 Thread 0x0000018def73bd80 DEOPT PACKING pc=0x0000018d80235399 sp=0x00000045251fe220
Event: 1.853 Thread 0x0000018def73bd80 DEOPT UNPACKING pc=0x0000018d874b7543 sp=0x00000045251fd6d0 mode 0
Event: 1.853 Thread 0x0000018def73bd80 DEOPT PACKING pc=0x0000018d80235399 sp=0x00000045251fe220
Event: 1.853 Thread 0x0000018def73bd80 DEOPT UNPACKING pc=0x0000018d874b7543 sp=0x00000045251fd6d0 mode 0
Event: 1.853 Thread 0x0000018def73bd80 DEOPT PACKING pc=0x0000018d80235399 sp=0x00000045251fe220
Event: 1.853 Thread 0x0000018def73bd80 DEOPT UNPACKING pc=0x0000018d874b7543 sp=0x00000045251fd6d0 mode 0
Event: 1.873 Thread 0x0000018def73bd80 Uncommon trap: trap_request=0xffffff45 fr.pc=0x0000018d87c05ca4 relative=0x0000000000000084
Event: 1.873 Thread 0x0000018def73bd80 Uncommon trap: reason=unstable_if action=reinterpret pc=0x0000018d87c05ca4 method=java.lang.reflect.AccessibleObject.checkCanSetAccessible(Ljava/lang/Class;Ljava/lang/Class;Z)Z @ 62 c2
Event: 1.873 Thread 0x0000018def73bd80 DEOPT PACKING pc=0x0000018d87c05ca4 sp=0x00000045251ff110
Event: 1.873 Thread 0x0000018def73bd80 DEOPT UNPACKING pc=0x0000018d874b6da3 sp=0x00000045251ff080 mode 2
Event: 1.878 Thread 0x0000018def73bd80 Uncommon trap: trap_request=0xffffff45 fr.pc=0x0000018d87bfe4a4 relative=0x0000000000000484
Event: 1.878 Thread 0x0000018def73bd80 Uncommon trap: reason=unstable_if action=reinterpret pc=0x0000018d87bfe4a4 method=java.util.HashMap.putVal(ILjava/lang/Object;Ljava/lang/Object;ZZ)Ljava/lang/Object; @ 162 c2
Event: 1.879 Thread 0x0000018def73bd80 DEOPT PACKING pc=0x0000018d87bfe4a4 sp=0x00000045251feee0
Event: 1.879 Thread 0x0000018def73bd80 DEOPT UNPACKING pc=0x0000018d874b6da3 sp=0x00000045251feea0 mode 2
Event: 1.895 Thread 0x0000018def73bd80 Uncommon trap: trap_request=0xffffffde fr.pc=0x0000018d87bd9e28 relative=0x0000000000000268
Event: 1.895 Thread 0x0000018def73bd80 Uncommon trap: reason=class_check action=maybe_recompile pc=0x0000018d87bd9e28 method=java.util.regex.Pattern$Start.match(Ljava/util/regex/Matcher;ILjava/lang/CharSequence;)Z @ 44 c2
Event: 1.895 Thread 0x0000018def73bd80 DEOPT PACKING pc=0x0000018d87bd9e28 sp=0x00000045251fefd0
Event: 1.895 Thread 0x0000018def73bd80 DEOPT UNPACKING pc=0x0000018d874b6da3 sp=0x00000045251fefa0 mode 2

Classes loaded (20 events):
Event: 1.791 Loading class sun/net/www/protocol/jar/JarURLConnection$JarURLInputStream
Event: 1.791 Loading class sun/net/www/protocol/jar/JarURLConnection$JarURLInputStream done
Event: 1.892 Loading class jdk/internal/event/ThreadSleepEvent
Event: 1.893 Loading class jdk/internal/event/ThreadSleepEvent done
Event: 1.899 Loading class java/util/Timer
Event: 1.899 Loading class java/util/Timer done
Event: 1.899 Loading class java/util/TaskQueue
Event: 1.899 Loading class java/util/TaskQueue done
Event: 1.899 Loading class java/util/TimerTask
Event: 1.899 Loading class java/util/TimerTask done
Event: 1.899 Loading class java/util/TimerThread
Event: 1.899 Loading class java/util/TimerThread done
Event: 1.899 Loading class java/util/Timer$ThreadReaper
Event: 1.899 Loading class java/util/Timer$ThreadReaper done
Event: 1.900 Loading class javax/swing/JComponent
Event: 1.900 Loading class javax/swing/TransferHandler$HasGetTransferHandler
Event: 1.900 Loading class javax/swing/TransferHandler$HasGetTransferHandler done
Event: 1.900 Loading class javax/swing/JComponent done
Event: 1.953 Loading class java/util/LinkedList$Node
Event: 1.953 Loading class java/util/LinkedList$Node done

Classes unloaded (0 events):
No events

Classes redefined (0 events):
No events

Internal exceptions (20 events):
Event: 0.530 Thread 0x0000018def73bd80 Exception <a 'java/lang/NoSuchMethodError'{0x0000000714e9e7a8}: 'java.lang.Object java.lang.invoke.DirectMethodHandle$Holder.invokeStaticInit(java.lang.Object, java.lang.Object, int, int, int, int)'> (0x0000000714e9e7a8) 
thrown [s\open\src\hotspot\share\interpreter\linkResolver.cpp, line 774]
Event: 0.535 Thread 0x0000018def73bd80 Exception <a 'java/lang/NoSuchMethodError'{0x0000000714ea7f78}: 'int java.lang.invoke.DirectMethodHandle$Holder.invokeSpecial(java.lang.Object, java.lang.Object, java.lang.Object)'> (0x0000000714ea7f78) 
thrown [s\open\src\hotspot\share\interpreter\linkResolver.cpp, line 774]
Event: 0.546 Thread 0x0000018def73bd80 Exception <a 'java/lang/NoSuchMethodError'{0x0000000714eb8208}: 'void java.lang.invoke.DirectMethodHandle$Holder.invokeStatic(java.lang.Object, long)'> (0x0000000714eb8208) 
thrown [s\open\src\hotspot\share\interpreter\linkResolver.cpp, line 774]
Event: 0.547 Thread 0x0000018def73bd80 Exception <a 'java/lang/NoSuchMethodError'{0x0000000714ebd7f8}: 'java.lang.Object java.lang.invoke.DirectMethodHandle$Holder.newInvokeSpecial(java.lang.Object, long)'> (0x0000000714ebd7f8) 
thrown [s\open\src\hotspot\share\interpreter\linkResolver.cpp, line 774]
Event: 0.549 Thread 0x0000018def73bd80 Exception <a 'java/lang/NoSuchMethodError'{0x0000000714ec4a00}: 'java.lang.Object java.lang.invoke.DirectMethodHandle$Holder.invokeStatic(java.lang.Object, long, java.lang.Object)'> (0x0000000714ec4a00) 
thrown [s\open\src\hotspot\share\interpreter\linkResolver.cpp, line 774]
Event: 0.549 Thread 0x0000018def73bd80 Exception <a 'java/lang/NoSuchMethodError'{0x0000000714ec8300}: 'java.lang.Object java.lang.invoke.DirectMethodHandle$Holder.invokeStaticInit(java.lang.Object, long, java.lang.Object)'> (0x0000000714ec8300) 
thrown [s\open\src\hotspot\share\interpreter\linkResolver.cpp, line 774]
Event: 0.640 Thread 0x0000018def73bd80 Exception <a 'sun/nio/fs/WindowsException'{0x0000000714fd9258}> (0x0000000714fd9258) 
thrown [s\open\src\hotspot\share\prims\jni.cpp, line 517]
Event: 0.666 Thread 0x0000018def73bd80 Exception <a 'java/lang/NoSuchMethodError'{0x0000000714c15678}: 'int java.lang.invoke.DirectMethodHandle$Holder.invokeStatic(java.lang.Object)'> (0x0000000714c15678) 
thrown [s\open\src\hotspot\share\interpreter\linkResolver.cpp, line 774]
Event: 0.667 Thread 0x0000018def73bd80 Exception <a 'java/lang/NoSuchMethodError'{0x0000000714c193a8}: 'int java.lang.invoke.DelegatingMethodHandle$Holder.reinvoke_L(java.lang.Object)'> (0x0000000714c193a8) 
thrown [s\open\src\hotspot\share\interpreter\linkResolver.cpp, line 774]
Event: 0.676 Thread 0x0000018def73bd80 Exception <a 'sun/nio/fs/WindowsException'{0x0000000714c4c390}> (0x0000000714c4c390) 
thrown [s\open\src\hotspot\share\prims\jni.cpp, line 517]
Event: 0.715 Thread 0x0000018def73bd80 Exception <a 'java/lang/NoSuchMethodError'{0x0000000714ddadd0}: 'java.lang.Object java.lang.invoke.DirectMethodHandle$Holder.invokeInterface(java.lang.Object, java.lang.Object)'> (0x0000000714ddadd0) 
thrown [s\open\src\hotspot\share\interpreter\linkResolver.cpp, line 774]
Event: 0.716 Thread 0x0000018def73bd80 Exception <a 'java/lang/IncompatibleClassChangeError'{0x0000000714dde670}: Found class java.lang.Object, but interface was expected> (0x0000000714dde670) 
thrown [s\open\src\hotspot\share\interpreter\linkResolver.cpp, line 841]
Event: 0.873 Thread 0x0000018def73bd80 Exception <a 'java/lang/NoSuchMethodError'{0x0000000714794380}: 'long java.lang.invoke.DelegatingMethodHandle$Holder.reinvoke_L(java.lang.Object, java.lang.Object)'> (0x0000000714794380) 
thrown [s\open\src\hotspot\share\interpreter\linkResolver.cpp, line 774]
Event: 0.875 Thread 0x0000018def73bd80 Exception <a 'java/lang/NoSuchMethodError'{0x000000071479e930}: 'void java.lang.invoke.DelegatingMethodHandle$Holder.reinvoke_L(java.lang.Object, java.lang.Object, long)'> (0x000000071479e930) 
thrown [s\open\src\hotspot\share\interpreter\linkResolver.cpp, line 774]
Event: 1.408 Thread 0x0000018d983446d0 Implicit null exception at 0x0000018d87bfc315 to 0x0000018d87bfc5e0
Event: 1.408 Thread 0x0000018d983446d0 Exception <a 'java/lang/NoSuchMethodError'{0x0000000714e9d780}: 'void java.lang.invoke.DirectMethodHandle$Holder.invokeSpecial(java.lang.Object, java.lang.Object, java.lang.Object)'> (0x0000000714e9d780) 
thrown [s\open\src\hotspot\share\interpreter\linkResolver.cpp, line 774]
Event: 1.413 Thread 0x0000018d983446d0 Exception <a 'java/lang/NoSuchMethodError'{0x0000000714eb4330}: 'long java.lang.invoke.Invokers$Holder.invokeExact_MT(java.lang.Object, java.lang.Object, java.lang.Object)'> (0x0000000714eb4330) 
thrown [s\open\src\hotspot\share\interpreter\linkResolver.cpp, line 774]
Event: 1.896 Thread 0x0000018def73bd80 Exception <a 'java/lang/NoSuchMethodError'{0x00000007147cc6a0}: 'void java.lang.invoke.DirectMethodHandle$Holder.invokeSpecial(java.lang.Object, java.lang.Object, java.lang.Object, java.lang.Object, java.lang.Object)'> (0x00000007147cc6a0) 
thrown [s\open\src\hotspot\share\interpreter\linkResolver.cpp, line 774]
Event: 1.898 Thread 0x0000018def73bd80 Exception <a 'java/lang/NoSuchMethodError'{0x00000007147dacb0}: 'void java.lang.invoke.DirectMethodHandle$Holder.invokeSpecial(java.lang.Object, java.lang.Object, int)'> (0x00000007147dacb0) 
thrown [s\open\src\hotspot\share\interpreter\linkResolver.cpp, line 774]
Event: 1.898 Thread 0x0000018def73bd80 Exception <a 'java/lang/NoSuchMethodError'{0x00000007147e0cd0}: 'java.lang.Object java.lang.invoke.DirectMethodHandle$Holder.newInvokeSpecial(java.lang.Object, java.lang.Object, int)'> (0x00000007147e0cd0) 
thrown [s\open\src\hotspot\share\interpreter\linkResolver.cpp, line 774]

VM Operations (20 events):
Event: 6.092 Executing VM operation: get/set locals
Event: 6.093 Executing VM operation: get/set locals done
Event: 6.093 Executing VM operation: get/set locals
Event: 6.093 Executing VM operation: get/set locals done
Event: 6.093 Executing VM operation: get/set locals
Event: 6.093 Executing VM operation: get/set locals done
Event: 6.093 Executing VM operation: get/set locals
Event: 6.093 Executing VM operation: get/set locals done
Event: 6.145 Executing VM operation: get/set locals
Event: 6.146 Executing VM operation: get/set locals done
Event: 6.151 Executing VM operation: get/set locals
Event: 6.151 Executing VM operation: get/set locals done
Event: 7.151 Executing VM operation: Cleanup
Event: 7.152 Executing VM operation: Cleanup done
Event: 8.152 Executing VM operation: Cleanup
Event: 8.152 Executing VM operation: Cleanup done
Event: 25.229 Executing VM operation: get/set locals
Event: 25.229 Executing VM operation: get/set locals done
Event: 25.709 Executing VM operation: get/set locals
Event: 25.709 Executing VM operation: get/set locals done

Events (20 events):
Event: 0.344 Thread 0x0000018d97f48b30 Thread added: 0x0000018d97f48b30
Event: 0.346 Thread 0x0000018d97f55810 Thread added: 0x0000018d97f55810
Event: 0.627 Thread 0x0000018d9807c5a0 Thread added: 0x0000018d9807c5a0
Event: 0.646 Thread 0x0000018d9807c5a0 Thread exited: 0x0000018d9807c5a0
Event: 0.651 Thread 0x0000018d98082630 Thread added: 0x0000018d98082630
Event: 0.725 Thread 0x0000018d98190f20 Thread added: 0x0000018d98190f20
Event: 0.883 Thread 0x0000018d983446d0 Thread added: 0x0000018d983446d0
Event: 1.104 Thread 0x0000018d98082630 Thread exited: 0x0000018d98082630
Event: 1.739 Thread 0x0000018d98190f20 Thread exited: 0x0000018d98190f20
Event: 1.740 Thread 0x0000018d97f48b30 Thread exited: 0x0000018d97f48b30
Event: 1.871 Thread 0x0000018d99525880 Thread added: 0x0000018d99525880
Event: 1.892 Thread 0x0000018d99524890 Thread added: 0x0000018d99524890
Event: 1.897 Thread 0x0000018d99525dd0 Thread added: 0x0000018d99525dd0
Event: 1.899 Thread 0x0000018d99524de0 Thread added: 0x0000018d99524de0
Event: 1.900 Thread 0x0000018def73bd80 Thread exited: 0x0000018def73bd80
Event: 1.900 Thread 0x0000018d99525330 Thread added: 0x0000018d99525330
Event: 3.165 Thread 0x0000018d97b7e010 Thread exited: 0x0000018d97b7e010
Event: 3.165 Thread 0x0000018d97978860 Thread exited: 0x0000018d97978860
Event: 7.146 Thread 0x0000018d934711f0 Thread exited: 0x0000018d934711f0
Event: 45.018 Thread 0x0000018d979ad030 Thread exited: 0x0000018d979ad030


Dynamic libraries:
0x00007ff6c0f40000 - 0x00007ff6c0f50000 	C:\Program Files\Java\jdk-19\bin\java.exe
0x00007ffcce690000 - 0x00007ffcce8a4000 	C:\WINDOWS\SYSTEM32\ntdll.dll
0x00007ffccd9c0000 - 0x00007ffccda83000 	C:\WINDOWS\System32\KERNEL32.DLL
0x00007ffccbc90000 - 0x00007ffccc02d000 	C:\WINDOWS\System32\KERNELBASE.dll
0x00007ffccbab0000 - 0x00007ffccbbc1000 	C:\WINDOWS\System32\ucrtbase.dll
0x00007ffcc5a50000 - 0x00007ffcc5a6b000 	C:\Program Files\Java\jdk-19\bin\VCRUNTIME140.dll
0x00007ffcc1c30000 - 0x00007ffcc1c48000 	C:\Program Files\Java\jdk-19\bin\jli.dll
0x00007ffcce010000 - 0x00007ffcce0be000 	C:\WINDOWS\System32\ADVAPI32.dll
0x00007ffcce590000 - 0x00007ffcce637000 	C:\WINDOWS\System32\msvcrt.dll
0x00007ffccc990000 - 0x00007ffccca34000 	C:\WINDOWS\System32\sechost.dll
0x00007ffcccc20000 - 0x00007ffcccd35000 	C:\WINDOWS\System32\RPCRT4.dll
0x00007ffccce80000 - 0x00007ffccd02d000 	C:\WINDOWS\System32\USER32.dll
0x00007ffccc450000 - 0x00007ffccc476000 	C:\WINDOWS\System32\win32u.dll
0x00007ffcb0170000 - 0x00007ffcb03fe000 	C:\WINDOWS\WinSxS\amd64_microsoft.windows.common-controls_6595b64144ccf1df_6.0.22621.608_none_a9444ca7c10bb01d\COMCTL32.dll
0x00007ffccc960000 - 0x00007ffccc989000 	C:\WINDOWS\System32\GDI32.dll
0x00007ffccc240000 - 0x00007ffccc352000 	C:\WINDOWS\System32\gdi32full.dll
0x00007ffccc1a0000 - 0x00007ffccc23a000 	C:\WINDOWS\System32\msvcp_win.dll
0x00007ffcc1a30000 - 0x00007ffcc1a3a000 	C:\WINDOWS\SYSTEM32\VERSION.dll
0x00007ffccc820000 - 0x00007ffccc852000 	C:\WINDOWS\System32\IMM32.DLL
0x00007ffcc69b0000 - 0x00007ffcc69bc000 	C:\Program Files\Java\jdk-19\bin\vcruntime140_1.dll
0x00007ffcadfb0000 - 0x00007ffcae03e000 	C:\Program Files\Java\jdk-19\bin\msvcp140.dll
0x00007ffc50bf0000 - 0x00007ffc518b0000 	C:\Program Files\Java\jdk-19\bin\server\jvm.dll
0x00007ffcc3fc0000 - 0x00007ffcc3ff4000 	C:\WINDOWS\SYSTEM32\WINMM.dll
0x00007ffcbe920000 - 0x00007ffcbe929000 	C:\WINDOWS\SYSTEM32\WSOCK32.dll
0x00007ffcccd40000 - 0x00007ffcccdb1000 	C:\WINDOWS\System32\ws2_32.DLL
0x00007ffccabf0000 - 0x00007ffccac08000 	C:\WINDOWS\SYSTEM32\kernel.appcore.dll
0x00007ffcc1c20000 - 0x00007ffcc1c2a000 	C:\Program Files\Java\jdk-19\bin\jimage.dll
0x00007ffcc8f00000 - 0x00007ffcc912e000 	C:\WINDOWS\SYSTEM32\DBGHELP.DLL
0x00007ffccdaa0000 - 0x00007ffccde2a000 	C:\WINDOWS\System32\combase.dll
0x00007ffccc580000 - 0x00007ffccc657000 	C:\WINDOWS\System32\OLEAUT32.dll
0x00007ffcc1a60000 - 0x00007ffcc1a92000 	C:\WINDOWS\SYSTEM32\dbgcore.DLL
0x00007ffccc360000 - 0x00007ffccc3db000 	C:\WINDOWS\System32\bcryptPrimitives.dll
0x00007ffcb42e0000 - 0x00007ffcb431c000 	C:\Program Files\Java\jdk-19\bin\jdwp.dll
0x00007ffcbca80000 - 0x00007ffcbcaa6000 	C:\Program Files\Java\jdk-19\bin\java.dll
0x00007ffc98490000 - 0x00007ffc98567000 	C:\Program Files\Java\jdk-19\bin\jsvml.dll
0x00007ffccd0b0000 - 0x00007ffccd89f000 	C:\WINDOWS\System32\SHELL32.dll
0x00007ffcc9a90000 - 0x00007ffcca358000 	C:\WINDOWS\SYSTEM32\windows.storage.dll
0x00007ffcc9950000 - 0x00007ffcc9a8e000 	C:\WINDOWS\SYSTEM32\wintypes.dll
0x00007ffccc860000 - 0x00007ffccc951000 	C:\WINDOWS\System32\SHCORE.dll
0x00007ffccd050000 - 0x00007ffccd0ae000 	C:\WINDOWS\System32\shlwapi.dll
0x00007ffccb9e0000 - 0x00007ffccba01000 	C:\WINDOWS\SYSTEM32\profapi.dll
0x00007ffcc6a50000 - 0x00007ffcc6a5c000 	C:\Program Files\Java\jdk-19\bin\dt_socket.dll
0x00007ffcca5b0000 - 0x00007ffcca5dd000 	C:\WINDOWS\SYSTEM32\IPHLPAPI.DLL
0x00007ffccb060000 - 0x00007ffccb0c9000 	C:\WINDOWS\system32\mswsock.dll
0x00007ffcca5e0000 - 0x00007ffcca6d2000 	C:\WINDOWS\SYSTEM32\DNSAPI.dll
0x00007ffccc810000 - 0x00007ffccc819000 	C:\WINDOWS\System32\NSI.dll
0x00007ffcc42c0000 - 0x00007ffcc42ca000 	C:\Windows\System32\rasadhlp.dll
0x00007ffcc3b70000 - 0x00007ffcc3bf3000 	C:\WINDOWS\System32\fwpuclnt.dll
0x00007ffcbc6f0000 - 0x00007ffcbc703000 	C:\Program Files\Java\jdk-19\bin\net.dll
0x00007ffcc5910000 - 0x00007ffcc5a3f000 	C:\WINDOWS\SYSTEM32\WINHTTP.dll
0x00007ffcb45b0000 - 0x00007ffcb45c6000 	C:\Program Files\Java\jdk-19\bin\nio.dll
0x00007ffcb4590000 - 0x00007ffcb45a8000 	C:\Program Files\Java\jdk-19\bin\zip.dll
0x00007ffc50a50000 - 0x00007ffc50be1000 	C:\Program Files\Java\jdk-19\bin\awt.dll
0x00007ffcc8710000 - 0x00007ffcc87a7000 	C:\WINDOWS\SYSTEM32\apphelp.dll
0x00007ffcc8800000 - 0x00007ffcc88ab000 	C:\WINDOWS\system32\uxtheme.dll
0x00007ffccd8a0000 - 0x00007ffccd9be000 	C:\WINDOWS\System32\MSCTF.dll
0x00007ffccc670000 - 0x00007ffccc80c000 	C:\WINDOWS\System32\ole32.dll
0x00007ffcc8a70000 - 0x00007ffcc8a9b000 	C:\WINDOWS\system32\DWMAPI.DLL
0x00007ffc54700000 - 0x00007ffc54800000 	C:\WINDOWS\system32\opengl32.dll
0x00007ffc56190000 - 0x00007ffc561bd000 	C:\WINDOWS\SYSTEM32\GLU32.dll
0x00007ffcc8eb0000 - 0x00007ffcc8ee6000 	C:\WINDOWS\SYSTEM32\dxcore.dll
0x00007ffccb2b0000 - 0x00007ffccb2cb000 	C:\WINDOWS\SYSTEM32\CRYPTSP.dll
0x00007ffccab60000 - 0x00007ffccab95000 	C:\WINDOWS\system32\rsaenh.dll
0x00007ffccb150000 - 0x00007ffccb178000 	C:\WINDOWS\SYSTEM32\USERENV.dll
0x00007ffccb470000 - 0x00007ffccb498000 	C:\WINDOWS\SYSTEM32\bcrypt.dll
0x00007ffccb2d0000 - 0x00007ffccb2dc000 	C:\WINDOWS\SYSTEM32\CRYPTBASE.dll
0x00007ffcc4280000 - 0x00007ffcc4299000 	C:\WINDOWS\SYSTEM32\dhcpcsvc6.DLL
0x00007ffcc4260000 - 0x00007ffcc427f000 	C:\WINDOWS\SYSTEM32\dhcpcsvc.DLL
0x000000006e8c0000 - 0x000000006e8cd000 	C:\Users\jayse\AppData\Local\Temp\jogamp_0000\file_cache\jln789023578868980617\jln9758156012556387314\natives\windows-amd64\gluegen_rt.dll
0x00007ffcc69c0000 - 0x00007ffcc69c7000 	C:\Program Files\Java\jdk-19\bin\jawt.dll
0x000000006a440000 - 0x000000006a44d000 	C:\Users\jayse\AppData\Local\Temp\jogamp_0000\file_cache\jln789023578868980617\jln9758156012556387314\natives\windows-amd64\nativewindow_awt.dll
0x000000006c100000 - 0x000000006c110000 	C:\Users\jayse\AppData\Local\Temp\jogamp_0000\file_cache\jln789023578868980617\jln9758156012556387314\natives\windows-amd64\nativewindow_win32.dll
0x0000000064500000 - 0x0000000064585000 	C:\Users\jayse\AppData\Local\Temp\jogamp_0000\file_cache\jln789023578868980617\jln9758156012556387314\natives\windows-amd64\jogl_desktop.dll
0x0000000064340000 - 0x0000000064391000 	C:\Users\jayse\AppData\Local\Temp\jogamp_0000\file_cache\jln789023578868980617\jln9758156012556387314\natives\windows-amd64\jogl_mobile.dll
0x00007ffcc58c0000 - 0x00007ffcc5909000 	C:\WINDOWS\SYSTEM32\directxdatabasehelper.dll
0x00007ffcccdc0000 - 0x00007ffccce77000 	C:\WINDOWS\System32\clbcatq.dll
0x00007ffcc4810000 - 0x00007ffcc4946000 	C:\Windows\System32\AppXDeploymentClient.dll
0x00007ffc44430000 - 0x00007ffc454de000 	C:\WINDOWS\System32\DriverStore\FileRepository\iigd_dch.inf_amd64_7b84c078879a413a\igxelpicd64.dll
0x00007ffcc8970000 - 0x00007ffcc8a67000 	C:\WINDOWS\system32\dxgi.dll
0x00007ffc50920000 - 0x00007ffc50a44000 	C:\WINDOWS\System32\DriverStore\FileRepository\iigd_dch.inf_amd64_7b84c078879a413a\igdml64.dll
0x00007ffcbe3d0000 - 0x00007ffcbe7dc000 	C:\WINDOWS\System32\DriverStore\FileRepository\iigd_dch.inf_amd64_7b84c078879a413a\igdgmm64.dll
0x00007ffccb760000 - 0x00007ffccb793000 	C:\WINDOWS\SYSTEM32\DEVOBJ.dll
0x00007ffccb7a0000 - 0x00007ffccb7ee000 	C:\WINDOWS\SYSTEM32\cfgmgr32.dll
0x00007ffccc3e0000 - 0x00007ffccc44b000 	C:\WINDOWS\System32\WINTRUST.dll
0x00007ffccc030000 - 0x00007ffccc196000 	C:\WINDOWS\System32\CRYPT32.dll
0x00007ffccb310000 - 0x00007ffccb322000 	C:\WINDOWS\SYSTEM32\MSASN1.dll
0x00007ffcb6f90000 - 0x00007ffcba73f000 	C:\WINDOWS\System32\DriverStore\FileRepository\iigd_dch.inf_amd64_7b84c078879a413a\igc64.dll
0x00007ffcca9c0000 - 0x00007ffccaa0d000 	C:\WINDOWS\SYSTEM32\powrprof.dll
0x00007ffcca9a0000 - 0x00007ffcca9b3000 	C:\WINDOWS\SYSTEM32\UMPDC.dll
0x0000000070d80000 - 0x0000000070d93000 	C:\Users\jayse\AppData\Local\Temp\jogamp_0000\file_cache\jln789023578868980617\jln9758156012556387314\natives\windows-amd64\newt_head.dll
0x00007ffcc50a0000 - 0x00007ffcc515d000 	C:\WINDOWS\SYSTEM32\mscms.dll
0x00007ffc98600000 - 0x00007ffc98649000 	C:\WINDOWS\SYSTEM32\icm32.dll
0x00007ffcce110000 - 0x00007ffcce58a000 	C:\WINDOWS\System32\setupapi.dll
0x00007ffcc1e20000 - 0x00007ffcc1f4d000 	C:\WINDOWS\SYSTEM32\textinputframework.dll
0x00007ffca7fd0000 - 0x00007ffca8039000 	C:\WINDOWS\system32\Oleacc.dll
0x00007ffcc8410000 - 0x00007ffcc8543000 	C:\WINDOWS\SYSTEM32\CoreMessaging.dll
0x00007ffcc2f60000 - 0x00007ffcc32cc000 	C:\WINDOWS\SYSTEM32\CoreUIComponents.dll

dbghelp: loaded successfully - version: 4.0.5 - missing functions: none
symbol engine: initialized successfully - sym options: 0x614 - pdb path: .;C:\Program Files\Java\jdk-19\bin;C:\WINDOWS\SYSTEM32;C:\WINDOWS\WinSxS\amd64_microsoft.windows.common-controls_6595b64144ccf1df_6.0.22621.608_none_a9444ca7c10bb01d;C:\Program Files\Java\jdk-19\bin\server;C:\Users\jayse\AppData\Local\Temp\jogamp_0000\file_cache\jln789023578868980617\jln9758156012556387314\natives\windows-amd64;C:\WINDOWS\System32\DriverStore\FileRepository\iigd_dch.inf_amd64_7b84c078879a413a

VM Arguments:
jvm_args: -agentlib:jdwp=transport=dt_socket,server=n,suspend=y,address=localhost:57417 -XX:+ShowCodeDetailsInExceptionMessages 
java_command: run.Main
java_class_path (initial): C:\Users\jayse\Documents\GitHub\Better3dCube\target\classes;C:\Users\jayse\.m2\repository\com\github\micycle1\processing-core-4\4.1.1\processing-core-4-4.1.1.jar;C:\Users\jayse\.m2\repository\org\openjfx\javafx-controls\18.0.2\javafx-controls-18.0.2.jar;C:\Users\jayse\.m2\repository\org\openjfx\javafx-controls\18.0.2\javafx-controls-18.0.2-win.jar;C:\Users\jayse\.m2\repository\org\openjfx\javafx-graphics\18.0.2\javafx-graphics-18.0.2.jar;C:\Users\jayse\.m2\repository\org\openjfx\javafx-graphics\18.0.2\javafx-graphics-18.0.2-win.jar;C:\Users\jayse\.m2\repository\org\openjfx\javafx-base\18.0.2\javafx-base-18.0.2.jar;C:\Users\jayse\.m2\repository\org\openjfx\javafx-base\18.0.2\javafx-base-18.0.2-win.jar;C:\Users\jayse\.m2\repository\me\friwi\jogl-all\v2.4.0-rc-20210111\jogl-all-v2.4.0-rc-20210111.jar;C:\Users\jayse\.m2\repository\me\friwi\gluegen-rt\v2.4.0-rc-20210111\gluegen-rt-v2.4.0-rc-20210111.jar
Launcher Type: SUN_STANDARD

[Global flags]
     intx CICompilerCount                          = 12                                        {product} {ergonomic}
     uint ConcGCThreads                            = 3                                         {product} {ergonomic}
     uint G1ConcRefinementThreads                  = 13                                        {product} {ergonomic}
   size_t G1HeapRegionSize                         = 2097152                                   {product} {ergonomic}
    uintx GCDrainStackTargetSize                   = 64                                        {product} {ergonomic}
   size_t InitialHeapSize                          = 264241152                                 {product} {ergonomic}
   size_t MarkStackSize                            = 4194304                                   {product} {ergonomic}
   size_t MaxHeapSize                              = 4196401152                                {product} {ergonomic}
   size_t MaxNewSize                               = 2516582400                                {product} {ergonomic}
   size_t MinHeapDeltaBytes                        = 2097152                                   {product} {ergonomic}
   size_t MinHeapSize                              = 8388608                                   {product} {ergonomic}
    uintx NonNMethodCodeHeapSize                   = 7602480                                {pd product} {ergonomic}
    uintx NonProfiledCodeHeapSize                  = 122027880                              {pd product} {ergonomic}
    uintx ProfiledCodeHeapSize                     = 122027880                              {pd product} {ergonomic}
    uintx ReservedCodeCacheSize                    = 251658240                              {pd product} {ergonomic}
     bool SegmentedCodeCache                       = true                                      {product} {ergonomic}
     bool ShowCodeDetailsInExceptionMessages       = true                                   {manageable} {command line}
   size_t SoftMaxHeapSize                          = 4196401152                             {manageable} {ergonomic}
     bool UseCompressedClassPointers               = true                           {product lp64_product} {ergonomic}
     bool UseCompressedOops                        = true                           {product lp64_product} {ergonomic}
     bool UseG1GC                                  = true                                      {product} {ergonomic}
     bool UseLargePagesIndividualAllocation        = false                                  {pd product} {ergonomic}

Logging:
Log output configuration:
 #0: stdout all=warning uptime,level,tags foldmultilines=false
 #1: stderr all=off uptime,level,tags foldmultilines=false

Environment Variables:
JAVA_HOME=C:\Program Files\Java\jdk-19
PATH=C:\Program Files\Common Files\Oracle\Java\javapath;C:\Windows\system32;C:\Windows;C:\Windows\System32\Wbem;C:\Windows\System32\WindowsPowerShell\v1.0\;C:\Windows\System32\OpenSSH\;C:\Program Files (x86)\NVIDIA Corporation\PhysX\Common;C:\Program Files\NVIDIA Corporation\NVIDIA NvDLISR;C:\WINDOWS\system32;C:\WINDOWS;C:\WINDOWS\System32\Wbem;C:\WINDOWS\System32\WindowsPowerShell\v1.0\;C:\WINDOWS\System32\OpenSSH\;C:\Program Files\Git\cmd;C:\Program Files\nodejs\;C:\mingw64\bin;C:\Users\jayse\.cargo\bin;C:\Program Files\Java\jdk-19\bin;C:\Users\jayse\AppData\Local\Microsoft\WindowsApps;C:\Users\jayse\AppData\Local\Programs\Microsoft VS Code\bin;C:\Users\jayse\AppData\Local\GitHubDesktop\bin;C:\Users\jayse\AppData\Local\JetBrains\Toolbox\scripts;C:\Users\jayse\AppData\Local\spicetify;C:\Users\jayse\AppData\Roaming\npm;C:\Users\jayse\AppData\Local\Programs\Microsoft VS Code Insiders\bin;C:\apache-maven-3.9.0\bin;
USERNAME=jayse
LANG=en_US.UTF-8
OS=Windows_NT
PROCESSOR_IDENTIFIER=Intel64 Family 6 Model 154 Stepping 3, GenuineIntel
TMP=C:\Users\jayse\AppData\Local\Temp
TEMP=C:\Users\jayse\AppData\Local\Temp



---------------  S Y S T E M  ---------------

OS:
 Windows 11 , 64 bit Build 22621 (10.0.22621.1105)
OS uptime: 0 days 4:15 hours
Hyper-V role detected

CPU: total 16 (initial active 16) (8 cores per cpu, 2 threads per core) family 6 model 154 stepping 3 microcode 0x41c, cx8, cmov, fxsr, ht, mmx, 3dnowpref, sse, sse2, sse3, ssse3, sse4.1, sse4.2, popcnt, lzcnt, tsc, tscinvbit, avx, avx2, aes, erms, clmul, bmi1, bmi2, adx, sha, fma, vzeroupper, clflush, clflushopt, clwb, hv, serialize, rdtscp, rdpid, fsrm

Memory: 4k page, system-wide physical 16006M (4176M free)
TotalPageFile size 23686M (AvailPageFile size 7023M)
current process WorkingSet (physical memory assigned to process): 288M, peak: 309M
current process commit charge ("private bytes"): 538M, peak: 566M

vm_info: Java HotSpot(TM) 64-Bit Server VM (19.0.1+10-21) for windows-amd64 JRE (19.0.1+10-21), built on 2022-09-14T12:45:06Z by "mach5one" with MS VC++ 17.1 (VS2022)

END.
