#
# A fatal error has been detected by the Java Runtime Environment:
#
#  EXCEPTION_ACCESS_VIOLATION (0xc0000005) at pc=0x00007ffc423ca8d2, pid=23484, tid=19444
#
# JRE version: Java(TM) SE Runtime Environment (19.0.1+10) (build 19.0.1+10-21)
# Java VM: Java HotSpot(TM) 64-Bit Server VM (19.0.1+10-21, mixed mode, sharing, tiered, compressed oops, compressed class ptrs, g1 gc, windows-amd64)
# Problematic frame:
# C  [igxelpicd64.dll+0xea8d2]
#
# No core dump will be written. Minidumps are not enabled by default on client versions of Windows
#
# If you would like to submit a bug report, please visit:
#   https://bugreport.java.com/bugreport/crash.jsp
#

---------------  S U M M A R Y ------------

Command Line: -XX:+ShowCodeDetailsInExceptionMessages run.Main

Host: 12th Gen Intel(R) Core(TM) i7-12650H, 16 cores, 15G,  Windows 11 , 64 bit Build 22621 (10.0.22621.1105)
Time: Tue Feb  7 01:54:04 2023 Pacific Standard Time elapsed time: 3.755792 seconds (0d 0h 0m 3s)

---------------  T H R E A D  ---------------

Current thread (0x00000238e5ed5b10):  VMThread "VM Thread" [stack: 0x0000008d5b000000,0x0000008d5b100000] [id=19444]

Stack: [0x0000008d5b000000,0x0000008d5b100000],  sp=0x0000008d5b0fe8d0,  free space=1018k
Native frames: (J=compiled Java code, j=interpreted, Vv=VM code, C=native code)
C  [igxelpicd64.dll+0xea8d2]


siginfo: EXCEPTION_ACCESS_VIOLATION (0xc0000005), reading address 0x0000000000035f88


Registers:
RAX=0x00000238f74cfdc8, RBX=0x00000238f74cfba0, RCX=0x0000000000000000, RDX=0x00000000fffffff4
RSP=0x0000008d5b0fe8d0, RBP=0x0000000000000000, RSI=0x00000238f74d0178, RDI=0x00000238ed73e5d0
R8 =0x0000000000000014, R9 =0x0000000000000004, R10=0x0000000000000000, R11=0x0000000000000246
R12=0x00000238ed1f8400, R13=0x00000238f74d36b0, R14=0x0000000000019a00, R15=0x0000000000000016
RIP=0x00007ffc423ca8d2, EFLAGS=0x0000000000010202


Register to memory mapping:

RIP=0x00007ffc423ca8d2 igxelpicd64.dll
RAX=0x00000238f74cfdc8 points into unknown readable memory: 0x000000000001964d | 4d 96 01 00 00 00 00 00
RBX=0x00000238f74cfba0 points into unknown readable memory: 0x00000238eb612320 | 20 23 61 eb 38 02 00 00
RCX=0x0 is NULL
RDX=0x00000000fffffff4 is an unknown value
RSP=0x0000008d5b0fe8d0 points into unknown readable memory: 0x00000238eb5e4730 | 30 47 5e eb 38 02 00 00
RBP=0x0 is NULL
RSI=0x00000238f74d0178 points into unknown readable memory: 0x00000238f74d36b0 | b0 36 4d f7 38 02 00 00
RDI=0x00000238ed73e5d0 points into unknown readable memory: 0x00000238ed25b500 | 00 b5 25 ed 38 02 00 00
R8 =0x0000000000000014 is an unknown value
R9 =0x0000000000000004 is an unknown value
R10=0x0 is NULL
R11=0x0000000000000246 is an unknown value
R12=0x00000238ed1f8400 points into unknown readable memory: 0x00000238ed6acd00 | 00 cd 6a ed 38 02 00 00
R13=0x00000238f74d36b0 points into unknown readable memory: 0x00000238eb612320 | 20 23 61 eb 38 02 00 00
R14=0x0000000000019a00 is an unknown value
R15=0x0000000000000016 is an unknown value


Top of Stack: (sp=0x0000008d5b0fe8d0)
0x0000008d5b0fe8d0:   00000238eb5e4730 0000000000000000
0x0000008d5b0fe8e0:   0000000000000018 00007ffcce732e44
0x0000008d5b0fe8f0:   0000200100000000 00000238ed1c2e80
0x0000008d5b0fe900:   0000008d5b0fea70 00007ffc422f78e4
0x0000008d5b0fe910:   0000000000000014 0000000000019a4e
0x0000008d5b0fe920:   00007404169a0000 00000238ed1f84c8
0x0000008d5b0fe930:   0000000000000000 0000000000000000
0x0000008d5b0fe940:   0000008d5b0fea50 00007ffc423acd7f
0x0000008d5b0fe950:   00000238eb5e4730 00000238ed73e5d0
0x0000008d5b0fe960:   00000238ed203d00 00007ffc42310300
0x0000008d5b0fe970:   0000008d000008ac 0000000000000000
0x0000008d5b0fe980:   0000000000000000 00000238ed203b48
0x0000008d5b0fe990:   00a644a600000000 00b3e9a6011d9501
0x0000008d5b0fe9a0:   0239b8a700000028 000070000013f000
0x0000008d5b0fe9b0:   01d8fda7023ee2a7 024eeaa801c5b3a8
0x0000008d5b0fe9c0:   0280b3a901d9ada9 01fcb1aa01832eaa 

Instructions: (pc=0x00007ffc423ca8d2)
0x00007ffc423ca7d2:   8b fa 48 8b e9 48 8b 1d aa f8 ef 00 48 89 58 08
0x00007ffc423ca7e2:   48 8b cb ff 15 3d 6a a7 00 90 4c 8b af 78 02 00
0x00007ffc423ca7f2:   00 48 8b 05 96 9b df 00 44 8b b8 a8 0b 00 00 45
0x00007ffc423ca802:   33 d2 45 8a f2 4c 89 97 78 02 00 00 44 89 97 80
0x00007ffc423ca812:   02 00 00 4c 89 97 a0 02 00 00 4c 89 97 88 02 00
0x00007ffc423ca822:   00 48 85 ed 75 38 8b 35 22 d2 ef 00 65 48 8b 04
0x00007ffc423ca832:   25 58 00 00 00 b9 14 00 00 00 48 8b 04 f0 44 38
0x00007ffc423ca842:   14 01 0f 84 4a b4 92 00 65 48 8b 04 25 58 00 00
0x00007ffc423ca852:   00 bd 20 00 00 00 48 8b 04 f0 48 8b 2c 28 48 3b
0x00007ffc423ca862:   2d c1 f7 ef 00 45 0f 44 fa 4d 85 ed 0f 84 72 01
0x00007ffc423ca872:   00 00 44 8a a4 24 90 00 00 00 49 8b dd 49 8d b5
0x00007ffc423ca882:   d8 05 00 00 4c 8b 2e 45 84 e4 0f 85 37 03 00 00
0x00007ffc423ca892:   44 8b 8f c8 01 00 00 48 8b 05 f0 9a df 00 83 b8
0x00007ffc423ca8a2:   70 03 00 00 02 75 36 41 8d 51 f0 41 83 f9 10 0f
0x00007ffc423ca8b2:   83 74 01 00 00 4a 8d 04 cd 21 00 00 00 49 03 c1
0x00007ffc423ca8c2:   48 8d 04 c3 48 85 c0 0f 85 4a 01 00 00 49 8b ca
0x00007ffc423ca8d2:   48 3b 8d 88 5f 03 00 0f 87 c2 b3 92 00 48 8d 93
0x00007ffc423ca8e2:   08 01 00 00 4c 39 93 50 06 00 00 0f 85 2d b5 92
0x00007ffc423ca8f2:   00 44 8b 9f c8 01 00 00 48 8b 87 e0 01 00 00 4c
0x00007ffc423ca902:   8b 10 44 8b 87 c8 01 00 00 41 83 f8 10 0f 83 43
0x00007ffc423ca912:   01 00 00 4b 8d 0c c0 48 8d 04 ca 48 85 c0 0f 85
0x00007ffc423ca922:   fc 00 00 00 33 c9 49 3b ca 0f 86 58 01 00 00 45
0x00007ffc423ca932:   33 d2 48 8b 87 78 02 00 00 48 89 06 48 89 9f 78
0x00007ffc423ca942:   02 00 00 ff 87 80 02 00 00 48 8b 43 08 48 8b 88
0x00007ffc423ca952:   18 01 00 00 48 81 e1 00 00 ff ff 48 81 c1 00 00
0x00007ffc423ca962:   01 00 48 01 8f 88 02 00 00 48 8b 43 08 48 8b 88
0x00007ffc423ca972:   18 01 00 00 48 01 8f a0 02 00 00 eb 45 48 8b d3
0x00007ffc423ca982:   41 8b cb e8 26 34 fe ff 45 33 d2 84 c0 75 a3 44
0x00007ffc423ca992:   38 53 1c 0f 84 2e 02 00 00 48 8b 87 08 03 00 00
0x00007ffc423ca9a2:   48 03 87 a0 02 00 00 48 3b 87 a8 02 00 00 0f 83
0x00007ffc423ca9b2:   96 b4 92 00 48 8b d3 48 8b cf e8 cf ef ff ff 45
0x00007ffc423ca9c2:   33 d2 4d 85 ed 0f 85 af fe ff ff 45 84 f6 44 8a 


Stack slot to memory mapping:
stack at sp + 0 slots: 0x00000238eb5e4730 points into unknown readable memory: 0xffffffffffffffff | ff ff ff ff ff ff ff ff
stack at sp + 1 slots: 0x0 is NULL
stack at sp + 2 slots: 0x0000000000000018 is an unknown value
stack at sp + 3 slots: 0x00007ffcce732e44 ntdll.dll
stack at sp + 4 slots: 0x0000200100000000 is an unknown value
stack at sp + 5 slots: 0x00000238ed1c2e80 points into unknown readable memory: 0x00000238eb88a0c0 | c0 a0 88 eb 38 02 00 00
stack at sp + 6 slots: 0x0000008d5b0fea70 points into unknown readable memory: 0x0000000000000000 | 00 00 00 00 00 00 00 00
stack at sp + 7 slots: 0x00007ffc422f78e4 igxelpicd64.dll

VM_Operation (0x0000008d5d0fec80): Exit, mode: safepoint, requested by thread 0x00000238ed6a53a0


---------------  P R O C E S S  ---------------

Threads class SMR info:
_java_thread_list=0x00000238ed676730, length=19, elements={
0x00000238e5ef1ef0, 0x00000238e5ef4930, 0x00000238e5efa5f0, 0x00000238e5efaf20,
0x00000238e5efd860, 0x00000238e5efe190, 0x00000238e5f04700, 0x00000238e5f08090,
0x00000238eac08070, 0x00000238ead1e5b0, 0x00000238ead20b40, 0x00000238ead210c0,
0x00000238ead626f0, 0x00000238ead6c0e0, 0x00000238eb168170, 0x00000238ed6c9e80,
0x00000238ed6a53a0, 0x00000238ed705430, 0x00000238ed706970
}

Java Threads: ( => current thread )
  0x00000238e5ef1ef0 JavaThread "Reference Handler" daemon [_thread_blocked, id=19344, stack(0x0000008d5b100000,0x0000008d5b200000)]
  0x00000238e5ef4930 JavaThread "Finalizer" daemon [_thread_blocked, id=13252, stack(0x0000008d5b200000,0x0000008d5b300000)]
  0x00000238e5efa5f0 JavaThread "Signal Dispatcher" daemon [_thread_blocked, id=7988, stack(0x0000008d5b300000,0x0000008d5b400000)]
  0x00000238e5efaf20 JavaThread "Attach Listener" daemon [_thread_blocked, id=22952, stack(0x0000008d5b400000,0x0000008d5b500000)]
  0x00000238e5efd860 JavaThread "Service Thread" daemon [_thread_blocked, id=18456, stack(0x0000008d5b500000,0x0000008d5b600000)]
  0x00000238e5efe190 JavaThread "Monitor Deflation Thread" daemon [_thread_blocked, id=12444, stack(0x0000008d5b600000,0x0000008d5b700000)]
  0x00000238e5f04700 JavaThread "C2 CompilerThread0" daemon [_thread_blocked, id=16236, stack(0x0000008d5b700000,0x0000008d5b800000)]
  0x00000238e5f08090 JavaThread "C1 CompilerThread0" daemon [_thread_blocked, id=20572, stack(0x0000008d5b800000,0x0000008d5b900000)]
  0x00000238eac08070 JavaThread "Sweeper thread" daemon [_thread_blocked, id=11612, stack(0x0000008d5b900000,0x0000008d5ba00000)]
  0x00000238ead1e5b0 JavaThread "C1 CompilerThread1" daemon [_thread_blocked, id=2368, stack(0x0000008d5ba00000,0x0000008d5bb00000)]
  0x00000238ead20b40 JavaThread "C1 CompilerThread2" daemon [_thread_blocked, id=20808, stack(0x0000008d5bb00000,0x0000008d5bc00000)]
  0x00000238ead210c0 JavaThread "C1 CompilerThread3" daemon [_thread_blocked, id=7300, stack(0x0000008d5bc00000,0x0000008d5bd00000)]
  0x00000238ead626f0 JavaThread "Notification Thread" daemon [_thread_blocked, id=12628, stack(0x0000008d5bd00000,0x0000008d5be00000)]
  0x00000238ead6c0e0 JavaThread "Common-Cleaner" daemon [_thread_blocked, id=24828, stack(0x0000008d5bf00000,0x0000008d5c000000)]
  0x00000238eb168170 JavaThread "Java2D Disposer" daemon [_thread_blocked, id=21768, stack(0x0000008d5c100000,0x0000008d5c200000)]
  0x00000238ed6c9e80 JavaThread "HighResTimerThread" daemon [_thread_blocked, id=25424, stack(0x0000008d5c500000,0x0000008d5c600000)]
  0x00000238ed6a53a0 JavaThread "main-FPSAWTAnimator#00-Timer0" [_thread_blocked, id=25336, stack(0x0000008d5d000000,0x0000008d5d100000)]
  0x00000238ed705430 JavaThread "DestroyJavaVM" [_thread_blocked, id=15088, stack(0x0000008d5aa00000,0x0000008d5ab00000)]
  0x00000238ed706970 JavaThread "AWT-Shutdown" [_thread_blocked, id=17652, stack(0x0000008d5d200000,0x0000008d5d300000)]

Other Threads:
=>0x00000238e5ed5b10 VMThread "VM Thread" [stack: 0x0000008d5b000000,0x0000008d5b100000] [id=19444]
  0x00000238c2d99c90 WorkerThread "GC Thread#0" [stack: 0x0000008d5ab00000,0x0000008d5ac00000] [id=2792]
  0x00000238eb26aa80 WorkerThread "GC Thread#1" [stack: 0x0000008d5c900000,0x0000008d5ca00000] [id=2188]
  0x00000238eb26b020 WorkerThread "GC Thread#2" [stack: 0x0000008d5ca00000,0x0000008d5cb00000] [id=6384]
  0x00000238eb26b2f0 WorkerThread "GC Thread#3" [stack: 0x0000008d5cb00000,0x0000008d5cc00000] [id=12500]
  0x00000238eb26bb60 WorkerThread "GC Thread#4" [stack: 0x0000008d5cc00000,0x0000008d5cd00000] [id=22948]
  0x00000238eb26c100 WorkerThread "GC Thread#5" [stack: 0x0000008d5cd00000,0x0000008d5ce00000] [id=12384]
  0x00000238c2daa900 ConcurrentGCThread "G1 Main Marker" terminated
  0x00000238c2dab330 WorkerThread "G1 Conc#0" [stack: 0x0000008d5ad00000,0x0000008d5ae00000] [id=22448]
  0x00000238e5d91420 ConcurrentGCThread "G1 Refine#0" terminated
  0x00000238e5d92c20 ConcurrentGCThread "G1 Service" terminated

Threads with active compile tasks:

VM state: at safepoint (shutting down)

VM Mutex/Monitor currently owned by a thread:  ([mutex/lock_event])
[0x00000238c2d22bb0] Threads_lock - owner thread: 0x00000238e5ed5b10
[0x00000238c2d23420] Heap_lock - owner thread: 0x00000238ed6a53a0

Heap address: 0x0000000705e00000, size: 4002 MB, Compressed Oops mode: Zero based, Oop shift amount: 3

CDS archive(s) mapped at: [0x0000000800000000-0x0000000800c40000-0x0000000800c40000), size 12845056, SharedBaseAddress: 0x0000000800000000, ArchiveRelocationMode: 0.
Compressed class space mapped at: 0x0000000801000000-0x0000000841000000, reserved size: 1073741824
Narrow klass base: 0x0000000800000000, Narrow klass shift: 0, Narrow klass range: 0x100000000

GC Precious Log:
 CardTable entry size: 512
 Card Set container configuration: InlinePtr #cards 4 size 8 Array Of Cards #cards 16 size 48 Howl #buckets 8 coarsen threshold 3686 Howl Bitmap #cards 512 size 80 coarsen threshold 460 Card regions per heap region 1 cards per card region 4096
 CPUs: 16 total, 16 available
 Memory: 16006M
 Large Page Support: Disabled
 NUMA Support: Disabled
 Compressed Oops: Enabled (Zero based)
 Heap Region Size: 2M
 Heap Min Capacity: 8M
 Heap Initial Capacity: 252M
 Heap Max Capacity: 4002M
 Pre-touch: Disabled
 Parallel Workers: 13
 Concurrent Workers: 3
 Concurrent Refinement Workers: 13
 Periodic GC: Disabled

Heap:
 garbage-first heap   total 258048K, used 31498K [0x0000000705e00000, 0x0000000800000000)
  region size 2048K, 16 young (32768K), 2 survivors (4096K)
 Metaspace       used 12969K, committed 13184K, reserved 1114112K
  class space    used 906K, committed 1024K, reserved 1048576K

Heap Regions: E=young(eden), S=young(survivor), O=old, HS=humongous(starts), HC=humongous(continues), CS=collection set, F=free, OA=open archive, CA=closed archive, TAMS=top-at-mark-start (previous, next)
|   0|0x0000000705e00000, 0x0000000706000000, 0x0000000706000000|100%|HS|  |TAMS 0x0000000705e00000, 0x0000000705e00000| Complete 
|   1|0x0000000706000000, 0x0000000706000000, 0x0000000706200000|  0%| F|  |TAMS 0x0000000706000000, 0x0000000706000000| Untracked 
|   2|0x0000000706200000, 0x0000000706200000, 0x0000000706400000|  0%| F|  |TAMS 0x0000000706200000, 0x0000000706200000| Untracked 
|   3|0x0000000706400000, 0x0000000706400000, 0x0000000706600000|  0%| F|  |TAMS 0x0000000706400000, 0x0000000706400000| Untracked 
|   4|0x0000000706600000, 0x0000000706600000, 0x0000000706800000|  0%| F|  |TAMS 0x0000000706600000, 0x0000000706600000| Untracked 
|   5|0x0000000706800000, 0x0000000706800000, 0x0000000706a00000|  0%| F|  |TAMS 0x0000000706800000, 0x0000000706800000| Untracked 
|   6|0x0000000706a00000, 0x0000000706a00000, 0x0000000706c00000|  0%| F|  |TAMS 0x0000000706a00000, 0x0000000706a00000| Untracked 
|   7|0x0000000706c00000, 0x0000000706c00000, 0x0000000706e00000|  0%| F|  |TAMS 0x0000000706c00000, 0x0000000706c00000| Untracked 
|   8|0x0000000706e00000, 0x0000000706e00000, 0x0000000707000000|  0%| F|  |TAMS 0x0000000706e00000, 0x0000000706e00000| Untracked 
|   9|0x0000000707000000, 0x0000000707000000, 0x0000000707200000|  0%| F|  |TAMS 0x0000000707000000, 0x0000000707000000| Untracked 
|  10|0x0000000707200000, 0x0000000707200000, 0x0000000707400000|  0%| F|  |TAMS 0x0000000707200000, 0x0000000707200000| Untracked 
|  11|0x0000000707400000, 0x0000000707400000, 0x0000000707600000|  0%| F|  |TAMS 0x0000000707400000, 0x0000000707400000| Untracked 
|  12|0x0000000707600000, 0x0000000707600000, 0x0000000707800000|  0%| F|  |TAMS 0x0000000707600000, 0x0000000707600000| Untracked 
|  13|0x0000000707800000, 0x0000000707800000, 0x0000000707a00000|  0%| F|  |TAMS 0x0000000707800000, 0x0000000707800000| Untracked 
|  14|0x0000000707a00000, 0x0000000707a00000, 0x0000000707c00000|  0%| F|  |TAMS 0x0000000707a00000, 0x0000000707a00000| Untracked 
|  15|0x0000000707c00000, 0x0000000707c00000, 0x0000000707e00000|  0%| F|  |TAMS 0x0000000707c00000, 0x0000000707c00000| Untracked 
|  16|0x0000000707e00000, 0x0000000707e00000, 0x0000000708000000|  0%| F|  |TAMS 0x0000000707e00000, 0x0000000707e00000| Untracked 
|  17|0x0000000708000000, 0x0000000708000000, 0x0000000708200000|  0%| F|  |TAMS 0x0000000708000000, 0x0000000708000000| Untracked 
|  18|0x0000000708200000, 0x0000000708200000, 0x0000000708400000|  0%| F|  |TAMS 0x0000000708200000, 0x0000000708200000| Untracked 
|  19|0x0000000708400000, 0x0000000708400000, 0x0000000708600000|  0%| F|  |TAMS 0x0000000708400000, 0x0000000708400000| Untracked 
|  20|0x0000000708600000, 0x0000000708600000, 0x0000000708800000|  0%| F|  |TAMS 0x0000000708600000, 0x0000000708600000| Untracked 
|  21|0x0000000708800000, 0x0000000708800000, 0x0000000708a00000|  0%| F|  |TAMS 0x0000000708800000, 0x0000000708800000| Untracked 
|  22|0x0000000708a00000, 0x0000000708a00000, 0x0000000708c00000|  0%| F|  |TAMS 0x0000000708a00000, 0x0000000708a00000| Untracked 
|  23|0x0000000708c00000, 0x0000000708c00000, 0x0000000708e00000|  0%| F|  |TAMS 0x0000000708c00000, 0x0000000708c00000| Untracked 
|  24|0x0000000708e00000, 0x0000000708e00000, 0x0000000709000000|  0%| F|  |TAMS 0x0000000708e00000, 0x0000000708e00000| Untracked 
|  25|0x0000000709000000, 0x0000000709000000, 0x0000000709200000|  0%| F|  |TAMS 0x0000000709000000, 0x0000000709000000| Untracked 
|  26|0x0000000709200000, 0x0000000709200000, 0x0000000709400000|  0%| F|  |TAMS 0x0000000709200000, 0x0000000709200000| Untracked 
|  27|0x0000000709400000, 0x0000000709400000, 0x0000000709600000|  0%| F|  |TAMS 0x0000000709400000, 0x0000000709400000| Untracked 
|  28|0x0000000709600000, 0x0000000709600000, 0x0000000709800000|  0%| F|  |TAMS 0x0000000709600000, 0x0000000709600000| Untracked 
|  29|0x0000000709800000, 0x0000000709800000, 0x0000000709a00000|  0%| F|  |TAMS 0x0000000709800000, 0x0000000709800000| Untracked 
|  30|0x0000000709a00000, 0x0000000709a00000, 0x0000000709c00000|  0%| F|  |TAMS 0x0000000709a00000, 0x0000000709a00000| Untracked 
|  31|0x0000000709c00000, 0x0000000709c00000, 0x0000000709e00000|  0%| F|  |TAMS 0x0000000709c00000, 0x0000000709c00000| Untracked 
|  32|0x0000000709e00000, 0x0000000709e00000, 0x000000070a000000|  0%| F|  |TAMS 0x0000000709e00000, 0x0000000709e00000| Untracked 
|  33|0x000000070a000000, 0x000000070a000000, 0x000000070a200000|  0%| F|  |TAMS 0x000000070a000000, 0x000000070a000000| Untracked 
|  34|0x000000070a200000, 0x000000070a200000, 0x000000070a400000|  0%| F|  |TAMS 0x000000070a200000, 0x000000070a200000| Untracked 
|  35|0x000000070a400000, 0x000000070a400000, 0x000000070a600000|  0%| F|  |TAMS 0x000000070a400000, 0x000000070a400000| Untracked 
|  36|0x000000070a600000, 0x000000070a600000, 0x000000070a800000|  0%| F|  |TAMS 0x000000070a600000, 0x000000070a600000| Untracked 
|  37|0x000000070a800000, 0x000000070a800000, 0x000000070aa00000|  0%| F|  |TAMS 0x000000070a800000, 0x000000070a800000| Untracked 
|  38|0x000000070aa00000, 0x000000070aa00000, 0x000000070ac00000|  0%| F|  |TAMS 0x000000070aa00000, 0x000000070aa00000| Untracked 
|  39|0x000000070ac00000, 0x000000070ac00000, 0x000000070ae00000|  0%| F|  |TAMS 0x000000070ac00000, 0x000000070ac00000| Untracked 
|  40|0x000000070ae00000, 0x000000070ae00000, 0x000000070b000000|  0%| F|  |TAMS 0x000000070ae00000, 0x000000070ae00000| Untracked 
|  41|0x000000070b000000, 0x000000070b000000, 0x000000070b200000|  0%| F|  |TAMS 0x000000070b000000, 0x000000070b000000| Untracked 
|  42|0x000000070b200000, 0x000000070b200000, 0x000000070b400000|  0%| F|  |TAMS 0x000000070b200000, 0x000000070b200000| Untracked 
|  43|0x000000070b400000, 0x000000070b400000, 0x000000070b600000|  0%| F|  |TAMS 0x000000070b400000, 0x000000070b400000| Untracked 
|  44|0x000000070b600000, 0x000000070b600000, 0x000000070b800000|  0%| F|  |TAMS 0x000000070b600000, 0x000000070b600000| Untracked 
|  45|0x000000070b800000, 0x000000070b800000, 0x000000070ba00000|  0%| F|  |TAMS 0x000000070b800000, 0x000000070b800000| Untracked 
|  46|0x000000070ba00000, 0x000000070ba00000, 0x000000070bc00000|  0%| F|  |TAMS 0x000000070ba00000, 0x000000070ba00000| Untracked 
|  47|0x000000070bc00000, 0x000000070bc00000, 0x000000070be00000|  0%| F|  |TAMS 0x000000070bc00000, 0x000000070bc00000| Untracked 
|  48|0x000000070be00000, 0x000000070be00000, 0x000000070c000000|  0%| F|  |TAMS 0x000000070be00000, 0x000000070be00000| Untracked 
|  49|0x000000070c000000, 0x000000070c000000, 0x000000070c200000|  0%| F|  |TAMS 0x000000070c000000, 0x000000070c000000| Untracked 
|  50|0x000000070c200000, 0x000000070c200000, 0x000000070c400000|  0%| F|  |TAMS 0x000000070c200000, 0x000000070c200000| Untracked 
|  51|0x000000070c400000, 0x000000070c400000, 0x000000070c600000|  0%| F|  |TAMS 0x000000070c400000, 0x000000070c400000| Untracked 
|  52|0x000000070c600000, 0x000000070c600000, 0x000000070c800000|  0%| F|  |TAMS 0x000000070c600000, 0x000000070c600000| Untracked 
|  53|0x000000070c800000, 0x000000070c800000, 0x000000070ca00000|  0%| F|  |TAMS 0x000000070c800000, 0x000000070c800000| Untracked 
|  54|0x000000070ca00000, 0x000000070ca00000, 0x000000070cc00000|  0%| F|  |TAMS 0x000000070ca00000, 0x000000070ca00000| Untracked 
|  55|0x000000070cc00000, 0x000000070cc00000, 0x000000070ce00000|  0%| F|  |TAMS 0x000000070cc00000, 0x000000070cc00000| Untracked 
|  56|0x000000070ce00000, 0x000000070ce00000, 0x000000070d000000|  0%| F|  |TAMS 0x000000070ce00000, 0x000000070ce00000| Untracked 
|  57|0x000000070d000000, 0x000000070d000000, 0x000000070d200000|  0%| F|  |TAMS 0x000000070d000000, 0x000000070d000000| Untracked 
|  58|0x000000070d200000, 0x000000070d200000, 0x000000070d400000|  0%| F|  |TAMS 0x000000070d200000, 0x000000070d200000| Untracked 
|  59|0x000000070d400000, 0x000000070d400000, 0x000000070d600000|  0%| F|  |TAMS 0x000000070d400000, 0x000000070d400000| Untracked 
|  60|0x000000070d600000, 0x000000070d600000, 0x000000070d800000|  0%| F|  |TAMS 0x000000070d600000, 0x000000070d600000| Untracked 
|  61|0x000000070d800000, 0x000000070d800000, 0x000000070da00000|  0%| F|  |TAMS 0x000000070d800000, 0x000000070d800000| Untracked 
|  62|0x000000070da00000, 0x000000070da00000, 0x000000070dc00000|  0%| F|  |TAMS 0x000000070da00000, 0x000000070da00000| Untracked 
|  63|0x000000070dc00000, 0x000000070dc00000, 0x000000070de00000|  0%| F|  |TAMS 0x000000070dc00000, 0x000000070dc00000| Untracked 
|  64|0x000000070de00000, 0x000000070de00000, 0x000000070e000000|  0%| F|  |TAMS 0x000000070de00000, 0x000000070de00000| Untracked 
|  65|0x000000070e000000, 0x000000070e000000, 0x000000070e200000|  0%| F|  |TAMS 0x000000070e000000, 0x000000070e000000| Untracked 
|  66|0x000000070e200000, 0x000000070e200000, 0x000000070e400000|  0%| F|  |TAMS 0x000000070e200000, 0x000000070e200000| Untracked 
|  67|0x000000070e400000, 0x000000070e400000, 0x000000070e600000|  0%| F|  |TAMS 0x000000070e400000, 0x000000070e400000| Untracked 
|  68|0x000000070e600000, 0x000000070e600000, 0x000000070e800000|  0%| F|  |TAMS 0x000000070e600000, 0x000000070e600000| Untracked 
|  69|0x000000070e800000, 0x000000070e800000, 0x000000070ea00000|  0%| F|  |TAMS 0x000000070e800000, 0x000000070e800000| Untracked 
|  70|0x000000070ea00000, 0x000000070ea00000, 0x000000070ec00000|  0%| F|  |TAMS 0x000000070ea00000, 0x000000070ea00000| Untracked 
|  71|0x000000070ec00000, 0x000000070ec00000, 0x000000070ee00000|  0%| F|  |TAMS 0x000000070ec00000, 0x000000070ec00000| Untracked 
|  72|0x000000070ee00000, 0x000000070ee00000, 0x000000070f000000|  0%| F|  |TAMS 0x000000070ee00000, 0x000000070ee00000| Untracked 
|  73|0x000000070f000000, 0x000000070f000000, 0x000000070f200000|  0%| F|  |TAMS 0x000000070f000000, 0x000000070f000000| Untracked 
|  74|0x000000070f200000, 0x000000070f200000, 0x000000070f400000|  0%| F|  |TAMS 0x000000070f200000, 0x000000070f200000| Untracked 
|  75|0x000000070f400000, 0x000000070f400000, 0x000000070f600000|  0%| F|  |TAMS 0x000000070f400000, 0x000000070f400000| Untracked 
|  76|0x000000070f600000, 0x000000070f600000, 0x000000070f800000|  0%| F|  |TAMS 0x000000070f600000, 0x000000070f600000| Untracked 
|  77|0x000000070f800000, 0x000000070f800000, 0x000000070fa00000|  0%| F|  |TAMS 0x000000070f800000, 0x000000070f800000| Untracked 
|  78|0x000000070fa00000, 0x000000070fa00000, 0x000000070fc00000|  0%| F|  |TAMS 0x000000070fa00000, 0x000000070fa00000| Untracked 
|  79|0x000000070fc00000, 0x000000070fc00000, 0x000000070fe00000|  0%| F|  |TAMS 0x000000070fc00000, 0x000000070fc00000| Untracked 
|  80|0x000000070fe00000, 0x000000070fe00000, 0x0000000710000000|  0%| F|  |TAMS 0x000000070fe00000, 0x000000070fe00000| Untracked 
|  81|0x0000000710000000, 0x0000000710000000, 0x0000000710200000|  0%| F|  |TAMS 0x0000000710000000, 0x0000000710000000| Untracked 
|  82|0x0000000710200000, 0x0000000710200000, 0x0000000710400000|  0%| F|  |TAMS 0x0000000710200000, 0x0000000710200000| Untracked 
|  83|0x0000000710400000, 0x0000000710400000, 0x0000000710600000|  0%| F|  |TAMS 0x0000000710400000, 0x0000000710400000| Untracked 
|  84|0x0000000710600000, 0x0000000710600000, 0x0000000710800000|  0%| F|  |TAMS 0x0000000710600000, 0x0000000710600000| Untracked 
|  85|0x0000000710800000, 0x0000000710800000, 0x0000000710a00000|  0%| F|  |TAMS 0x0000000710800000, 0x0000000710800000| Untracked 
|  86|0x0000000710a00000, 0x0000000710a00000, 0x0000000710c00000|  0%| F|  |TAMS 0x0000000710a00000, 0x0000000710a00000| Untracked 
|  87|0x0000000710c00000, 0x0000000710c00000, 0x0000000710e00000|  0%| F|  |TAMS 0x0000000710c00000, 0x0000000710c00000| Untracked 
|  88|0x0000000710e00000, 0x0000000710e00000, 0x0000000711000000|  0%| F|  |TAMS 0x0000000710e00000, 0x0000000710e00000| Untracked 
|  89|0x0000000711000000, 0x0000000711000000, 0x0000000711200000|  0%| F|  |TAMS 0x0000000711000000, 0x0000000711000000| Untracked 
|  90|0x0000000711200000, 0x0000000711200000, 0x0000000711400000|  0%| F|  |TAMS 0x0000000711200000, 0x0000000711200000| Untracked 
|  91|0x0000000711400000, 0x0000000711400000, 0x0000000711600000|  0%| F|  |TAMS 0x0000000711400000, 0x0000000711400000| Untracked 
|  92|0x0000000711600000, 0x0000000711600000, 0x0000000711800000|  0%| F|  |TAMS 0x0000000711600000, 0x0000000711600000| Untracked 
|  93|0x0000000711800000, 0x0000000711800000, 0x0000000711a00000|  0%| F|  |TAMS 0x0000000711800000, 0x0000000711800000| Untracked 
|  94|0x0000000711a00000, 0x0000000711a00000, 0x0000000711c00000|  0%| F|  |TAMS 0x0000000711a00000, 0x0000000711a00000| Untracked 
|  95|0x0000000711c00000, 0x0000000711c00000, 0x0000000711e00000|  0%| F|  |TAMS 0x0000000711c00000, 0x0000000711c00000| Untracked 
|  96|0x0000000711e00000, 0x0000000711e00000, 0x0000000712000000|  0%| F|  |TAMS 0x0000000711e00000, 0x0000000711e00000| Untracked 
|  97|0x0000000712000000, 0x0000000712000000, 0x0000000712200000|  0%| F|  |TAMS 0x0000000712000000, 0x0000000712000000| Untracked 
|  98|0x0000000712200000, 0x0000000712200000, 0x0000000712400000|  0%| F|  |TAMS 0x0000000712200000, 0x0000000712200000| Untracked 
|  99|0x0000000712400000, 0x0000000712400000, 0x0000000712600000|  0%| F|  |TAMS 0x0000000712400000, 0x0000000712400000| Untracked 
| 100|0x0000000712600000, 0x0000000712600000, 0x0000000712800000|  0%| F|  |TAMS 0x0000000712600000, 0x0000000712600000| Untracked 
| 101|0x0000000712800000, 0x0000000712800000, 0x0000000712a00000|  0%| F|  |TAMS 0x0000000712800000, 0x0000000712800000| Untracked 
| 102|0x0000000712a00000, 0x0000000712a00000, 0x0000000712c00000|  0%| F|  |TAMS 0x0000000712a00000, 0x0000000712a00000| Untracked 
| 103|0x0000000712c00000, 0x0000000712c00000, 0x0000000712e00000|  0%| F|  |TAMS 0x0000000712c00000, 0x0000000712c00000| Untracked 
| 104|0x0000000712e00000, 0x0000000712e00000, 0x0000000713000000|  0%| F|  |TAMS 0x0000000712e00000, 0x0000000712e00000| Untracked 
| 105|0x0000000713000000, 0x0000000713000000, 0x0000000713200000|  0%| F|  |TAMS 0x0000000713000000, 0x0000000713000000| Untracked 
| 106|0x0000000713200000, 0x0000000713200000, 0x0000000713400000|  0%| F|  |TAMS 0x0000000713200000, 0x0000000713200000| Untracked 
| 107|0x0000000713400000, 0x0000000713400000, 0x0000000713600000|  0%| F|  |TAMS 0x0000000713400000, 0x0000000713400000| Untracked 
| 108|0x0000000713600000, 0x0000000713600000, 0x0000000713800000|  0%| F|  |TAMS 0x0000000713600000, 0x0000000713600000| Untracked 
| 109|0x0000000713800000, 0x0000000713800000, 0x0000000713a00000|  0%| F|  |TAMS 0x0000000713800000, 0x0000000713800000| Untracked 
| 110|0x0000000713a00000, 0x0000000713a1db18, 0x0000000713c00000|  5%| E|  |TAMS 0x0000000713a00000, 0x0000000713a00000| Complete 
| 111|0x0000000713c00000, 0x0000000713e00000, 0x0000000713e00000|100%| E|CS|TAMS 0x0000000713c00000, 0x0000000713c00000| Complete 
| 112|0x0000000713e00000, 0x0000000714000000, 0x0000000714000000|100%| E|CS|TAMS 0x0000000713e00000, 0x0000000713e00000| Complete 
| 113|0x0000000714000000, 0x00000007140c2ae8, 0x0000000714200000| 38%| S|CS|TAMS 0x0000000714000000, 0x0000000714000000| Complete 
| 114|0x0000000714200000, 0x0000000714400000, 0x0000000714400000|100%| S|CS|TAMS 0x0000000714200000, 0x0000000714200000| Complete 
| 115|0x0000000714400000, 0x0000000714600000, 0x0000000714600000|100%| E|CS|TAMS 0x0000000714400000, 0x0000000714400000| Complete 
| 116|0x0000000714600000, 0x0000000714800000, 0x0000000714800000|100%| E|CS|TAMS 0x0000000714600000, 0x0000000714600000| Complete 
| 117|0x0000000714800000, 0x0000000714a00000, 0x0000000714a00000|100%| E|CS|TAMS 0x0000000714800000, 0x0000000714800000| Complete 
| 118|0x0000000714a00000, 0x0000000714c00000, 0x0000000714c00000|100%| E|CS|TAMS 0x0000000714a00000, 0x0000000714a00000| Complete 
| 119|0x0000000714c00000, 0x0000000714e00000, 0x0000000714e00000|100%| E|CS|TAMS 0x0000000714c00000, 0x0000000714c00000| Complete 
| 120|0x0000000714e00000, 0x0000000715000000, 0x0000000715000000|100%| E|CS|TAMS 0x0000000714e00000, 0x0000000714e00000| Complete 
| 121|0x0000000715000000, 0x0000000715200000, 0x0000000715200000|100%| E|CS|TAMS 0x0000000715000000, 0x0000000715000000| Complete 
| 122|0x0000000715200000, 0x0000000715400000, 0x0000000715400000|100%| E|CS|TAMS 0x0000000715200000, 0x0000000715200000| Complete 
| 123|0x0000000715400000, 0x0000000715600000, 0x0000000715600000|100%| E|CS|TAMS 0x0000000715400000, 0x0000000715400000| Complete 
| 124|0x0000000715600000, 0x0000000715800000, 0x0000000715800000|100%| E|CS|TAMS 0x0000000715600000, 0x0000000715600000| Complete 
| 125|0x0000000715800000, 0x0000000715a00000, 0x0000000715a00000|100%| E|CS|TAMS 0x0000000715800000, 0x0000000715800000| Complete 

Card table byte_map: [0x00000238dacf0000,0x00000238db4d0000] _byte_map_base: 0x00000238d74c1000

Marking Bits (Prev, Next): (CMBitMap*) 0x00000238c2d9a2c0, (CMBitMap*) 0x00000238c2d9a300
 Prev Bits: [0x00000238dbcb0000, 0x00000238dfb38000)
 Next Bits: [0x00000238dfb40000, 0x00000238e39c8000)

Polling page: 0x00000238c0cb0000

Metaspace:

Usage:
  Non-class:     11.78 MB used.
      Class:    906.90 KB used.
       Both:     12.67 MB used.

Virtual space:
  Non-class space:       64.00 MB reserved,      11.88 MB ( 19%) committed,  1 nodes.
      Class space:        1.00 GB reserved,       1.00 MB ( <1%) committed,  1 nodes.
             Both:        1.06 GB reserved,      12.88 MB (  1%) committed. 

Chunk freelists:
   Non-Class:  3.75 MB
       Class:  2.89 MB
        Both:  6.64 MB

MaxMetaspaceSize: unlimited
CompressedClassSpaceSize: 1.00 GB
Initial GC threshold: 21.00 MB
Current GC threshold: 21.00 MB
CDS: on
MetaspaceReclaimPolicy: balanced
 - commit_granule_bytes: 65536.
 - commit_granule_words: 8192.
 - virtual_space_node_default_size: 8388608.
 - enlarge_chunks_in_place: 1.
 - new_chunks_are_fully_committed: 0.
 - uncommit_free_chunks: 1.
 - use_allocation_guard: 0.


Internal statistics:

num_allocs_failed_limit: 0.
num_arena_births: 184.
num_arena_deaths: 0.
num_vsnodes_births: 2.
num_vsnodes_deaths: 0.
num_space_committed: 202.
num_space_uncommitted: 0.
num_chunks_returned_to_freelist: 0.
num_chunks_taken_from_freelist: 452.
num_chunk_merges: 0.
num_chunk_splits: 352.
num_chunks_enlarged: 284.
num_inconsistent_stats: 0.

CodeHeap 'non-profiled nmethods': size=119168Kb used=744Kb max_used=744Kb free=118423Kb
 bounds [0x00000238d2830000, 0x00000238d2aa0000, 0x00000238d9c90000]
CodeHeap 'profiled nmethods': size=119104Kb used=3228Kb max_used=3228Kb free=115875Kb
 bounds [0x00000238cac90000, 0x00000238cafc0000, 0x00000238d20e0000]
CodeHeap 'non-nmethods': size=7488Kb used=3307Kb max_used=3335Kb free=4180Kb
 bounds [0x00000238d20e0000, 0x00000238d2430000, 0x00000238d2830000]
 total_blobs=2733 nmethods=1792 adapters=849
 compilation: enabled
              stopped_count=0, restarted_count=0
 full_count=0

Compilation events (20 events):
Event: 3.306 Thread 0x00000238e5f08090 nmethod 1777 0x00000238cafaea90 code [0x00000238cafaeca0, 0x00000238cafaf198]
Event: 3.306 Thread 0x00000238ead1e5b0 nmethod 1783 0x00000238cafaf390 code [0x00000238cafaf540, 0x00000238cafaf7c8]
Event: 3.307 Thread 0x00000238ead20b40 nmethod 1779 0x00000238cafaf910 code [0x00000238cafafbe0, 0x00000238cafb0948]
Event: 3.307 Thread 0x00000238ead210c0 nmethod 1781 0x00000238cafb0e90 code [0x00000238cafb1140, 0x00000238cafb1ee8]
Event: 3.338 Thread 0x00000238ead210c0 1784       3       processing.opengl.PGraphicsOpenGL::flush (316 bytes)
Event: 3.339 Thread 0x00000238ead210c0 nmethod 1784 0x00000238cafb2390 code [0x00000238cafb26a0, 0x00000238cafb3e48]
Event: 3.355 Thread 0x00000238ead210c0 1785       3       java.util.AbstractCollection::isEmpty (13 bytes)
Event: 3.355 Thread 0x00000238e5f08090 1786       3       java.util.concurrent.LinkedBlockingQueue::size (8 bytes)
Event: 3.355 Thread 0x00000238ead210c0 nmethod 1785 0x00000238cafb4390 code [0x00000238cafb4540, 0x00000238cafb4768]
Event: 3.355 Thread 0x00000238e5f08090 nmethod 1786 0x00000238cafb4810 code [0x00000238cafb49a0, 0x00000238cafb4ad8]
Event: 3.421 Thread 0x00000238e5f08090 1788       3       processing.opengl.PShader::init (75 bytes)
Event: 3.421 Thread 0x00000238ead1e5b0 1789       1       com.jogamp.nativewindow.DefaultGraphicsConfiguration::getChosenCapabilities (5 bytes)
Event: 3.422 Thread 0x00000238ead1e5b0 nmethod 1789 0x00000238d28e9a90 code [0x00000238d28e9c20, 0x00000238d28e9cf8]
Event: 3.422 Thread 0x00000238e5f08090 nmethod 1788 0x00000238cafb4b90 code [0x00000238cafb4e00, 0x00000238cafb5a08]
Event: 3.569 Thread 0x00000238e5f04700 1790       4       processing.core.PGraphics::colorMode (122 bytes)
Event: 3.571 Thread 0x00000238e5f04700 nmethod 1790 0x00000238d28e9d90 code [0x00000238d28e9f60, 0x00000238d28ea1f8]
Event: 3.619 Thread 0x00000238ead1e5b0 1791   !   3       java.lang.Object::wait (50 bytes)
Event: 3.619 Thread 0x00000238ead1e5b0 nmethod 1791 0x00000238cafb5e10 code [0x00000238cafb6020, 0x00000238cafb65a8]
Event: 3.634 Thread 0x00000238e5f08090 1792       3       run.Cube::draw (93 bytes)
Event: 3.634 Thread 0x00000238e5f08090 nmethod 1792 0x00000238cafb6810 code [0x00000238cafb6a20, 0x00000238cafb6f28]

GC Heap History (2 events):
Event: 1.163 GC heap before
{Heap before GC invocations=0 (full 0):
 garbage-first heap   total 258048K, used 20480K [0x0000000705e00000, 0x0000000800000000)
  region size 2048K, 11 young (22528K), 0 survivors (0K)
 Metaspace       used 10824K, committed 11072K, reserved 1114112K
  class space    used 739K, committed 896K, reserved 1048576K
}
Event: 1.171 GC heap after
{Heap after GC invocations=1 (full 0):
 garbage-first heap   total 258048K, used 2826K [0x0000000705e00000, 0x0000000800000000)
  region size 2048K, 2 young (4096K), 2 survivors (4096K)
 Metaspace       used 10824K, committed 11072K, reserved 1114112K
  class space    used 739K, committed 896K, reserved 1048576K
}

Dll operation events (14 events):
Event: 0.008 Loaded shared library C:\Program Files\Java\jdk-19\bin\java.dll
Event: 0.017 Loaded shared library C:\Program Files\Java\jdk-19\bin\jsvml.dll
Event: 0.053 Loaded shared library C:\Program Files\Java\jdk-19\bin\net.dll
Event: 0.055 Loaded shared library C:\Program Files\Java\jdk-19\bin\nio.dll
Event: 0.058 Loaded shared library C:\Program Files\Java\jdk-19\bin\zip.dll
Event: 0.097 Loaded shared library C:\Program Files\Java\jdk-19\bin\jimage.dll
Event: 0.102 Loaded shared library C:\Program Files\Java\jdk-19\bin\awt.dll
Event: 0.546 Loaded shared library C:\Users\jayse\AppData\Local\Temp\jogamp_0000\file_cache\jln15444309365117154133\jln8811479515268205882\natives\windows-amd64\gluegen_rt.dll
Event: 0.555 Loaded shared library C:\Program Files\Java\jdk-19\bin\jawt.dll
Event: 0.599 Loaded shared library C:\Users\jayse\AppData\Local\Temp\jogamp_0000\file_cache\jln15444309365117154133\jln8811479515268205882\natives\windows-amd64\nativewindow_awt.dll
Event: 0.639 Loaded shared library C:\Users\jayse\AppData\Local\Temp\jogamp_0000\file_cache\jln15444309365117154133\jln8811479515268205882\natives\windows-amd64\nativewindow_win32.dll
Event: 0.834 Loaded shared library C:\Users\jayse\AppData\Local\Temp\jogamp_0000\file_cache\jln15444309365117154133\jln8811479515268205882\natives\windows-amd64\jogl_desktop.dll
Event: 0.965 Loaded shared library C:\Users\jayse\AppData\Local\Temp\jogamp_0000\file_cache\jln15444309365117154133\jln8811479515268205882\natives\windows-amd64\jogl_mobile.dll
Event: 1.657 Loaded shared library C:\Users\jayse\AppData\Local\Temp\jogamp_0000\file_cache\jln15444309365117154133\jln8811479515268205882\natives\windows-amd64\newt_head.dll

Deoptimization events (20 events):
Event: 1.892 Thread 0x00000238ed6a53a0 DEOPT PACKING pc=0x00000238d288fa5c sp=0x0000008d5d0fd620
Event: 1.892 Thread 0x00000238ed6a53a0 DEOPT UNPACKING pc=0x00000238d2146da3 sp=0x0000008d5d0fd5b0 mode 2
Event: 1.894 Thread 0x00000238ed6a53a0 Uncommon trap: trap_request=0xffffffde fr.pc=0x00000238d2889a88 relative=0x00000000000000c8
Event: 1.894 Thread 0x00000238ed6a53a0 Uncommon trap: reason=class_check action=maybe_recompile pc=0x00000238d2889a88 method=java.lang.invoke.ClassSpecializer$SpeciesData.getterFunction(I)Ljava/lang/invoke/LambdaForm$NamedFunction; @ 5 c2
Event: 1.894 Thread 0x00000238ed6a53a0 DEOPT PACKING pc=0x00000238d2889a88 sp=0x0000008d5d0fd910
Event: 1.894 Thread 0x00000238ed6a53a0 DEOPT UNPACKING pc=0x00000238d2146da3 sp=0x0000008d5d0fd8a0 mode 2
Event: 1.895 Thread 0x00000238ed6a53a0 Uncommon trap: trap_request=0xffffffde fr.pc=0x00000238d2889a88 relative=0x00000000000000c8
Event: 1.895 Thread 0x00000238ed6a53a0 Uncommon trap: reason=class_check action=maybe_recompile pc=0x00000238d2889a88 method=java.lang.invoke.ClassSpecializer$SpeciesData.getterFunction(I)Ljava/lang/invoke/LambdaForm$NamedFunction; @ 5 c2
Event: 1.895 Thread 0x00000238ed6a53a0 DEOPT PACKING pc=0x00000238d2889a88 sp=0x0000008d5d0fd760
Event: 1.895 Thread 0x00000238ed6a53a0 DEOPT UNPACKING pc=0x00000238d2146da3 sp=0x0000008d5d0fd6e0 mode 2
Event: 1.895 Thread 0x00000238ed6a53a0 Uncommon trap: trap_request=0xffffffde fr.pc=0x00000238d2889a88 relative=0x00000000000000c8
Event: 1.895 Thread 0x00000238ed6a53a0 Uncommon trap: reason=class_check action=maybe_recompile pc=0x00000238d2889a88 method=java.lang.invoke.ClassSpecializer$SpeciesData.getterFunction(I)Ljava/lang/invoke/LambdaForm$NamedFunction; @ 5 c2
Event: 1.895 Thread 0x00000238ed6a53a0 DEOPT PACKING pc=0x00000238d2889a88 sp=0x0000008d5d0fd7f0
Event: 1.895 Thread 0x00000238ed6a53a0 DEOPT UNPACKING pc=0x00000238d2146da3 sp=0x0000008d5d0fd780 mode 2
Event: 1.896 Thread 0x00000238ed6a53a0 DEOPT PACKING pc=0x00000238caef4fff sp=0x0000008d5d0fe8d0
Event: 1.896 Thread 0x00000238ed6a53a0 DEOPT UNPACKING pc=0x00000238d2147543 sp=0x0000008d5d0fdd70 mode 0
Event: 1.914 Thread 0x00000238ed6a53a0 DEOPT PACKING pc=0x00000238caef4fff sp=0x0000008d5d0fe930
Event: 1.914 Thread 0x00000238ed6a53a0 DEOPT UNPACKING pc=0x00000238d2147543 sp=0x0000008d5d0fddd0 mode 0
Event: 1.915 Thread 0x00000238ed6a53a0 DEOPT PACKING pc=0x00000238caef4fff sp=0x0000008d5d0fe930
Event: 1.915 Thread 0x00000238ed6a53a0 DEOPT UNPACKING pc=0x00000238d2147543 sp=0x0000008d5d0fddd0 mode 0

Classes loaded (20 events):
Event: 1.809 Loading class javax/swing/JComponent
Event: 1.809 Loading class javax/swing/TransferHandler$HasGetTransferHandler
Event: 1.809 Loading class javax/swing/TransferHandler$HasGetTransferHandler done
Event: 1.809 Loading class javax/swing/JComponent done
Event: 1.877 Loading class java/util/LinkedList$Node
Event: 1.877 Loading class java/util/LinkedList$Node done
Event: 1.889 Loading class sun/nio/cs/StreamDecoder
Event: 1.889 Loading class sun/nio/cs/StreamDecoder done
Event: 1.890 Loading class java/util/regex/Pattern$LookBehindEndNode
Event: 1.890 Loading class java/util/regex/Pattern$LookBehindEndNode done
Event: 1.890 Loading class java/util/regex/Pattern$NotBehind
Event: 1.890 Loading class java/util/regex/Pattern$NotBehind done
Event: 1.890 Loading class java/util/regex/Pattern$Neg
Event: 1.890 Loading class java/util/regex/Pattern$Neg done
Event: 1.890 Loading class java/util/regex/Pattern$Pos
Event: 1.890 Loading class java/util/regex/Pattern$Pos done
Event: 1.899 Loading class java/util/regex/Pattern$SliceS
Event: 1.899 Loading class java/util/regex/Pattern$SliceS done
Event: 3.635 Loading class java/nio/channels/ClosedChannelException
Event: 3.635 Loading class java/nio/channels/ClosedChannelException done

Classes unloaded (0 events):
No events

Classes redefined (0 events):
No events

Internal exceptions (20 events):
Event: 0.386 Thread 0x00000238c2d280d0 Exception <a 'java/lang/NoSuchMethodError'{0x0000000714ea97a0}: 'int java.lang.invoke.DirectMethodHandle$Holder.invokeSpecial(java.lang.Object, java.lang.Object, java.lang.Object)'> (0x0000000714ea97a0) 
thrown [s\open\src\hotspot\share\interpreter\linkResolver.cpp, line 774]
Event: 0.402 Thread 0x00000238c2d280d0 Exception <a 'java/lang/NoSuchMethodError'{0x0000000714eb9a30}: 'void java.lang.invoke.DirectMethodHandle$Holder.invokeStatic(java.lang.Object, long)'> (0x0000000714eb9a30) 
thrown [s\open\src\hotspot\share\interpreter\linkResolver.cpp, line 774]
Event: 0.404 Thread 0x00000238c2d280d0 Exception <a 'java/lang/NoSuchMethodError'{0x0000000714ebf020}: 'java.lang.Object java.lang.invoke.DirectMethodHandle$Holder.newInvokeSpecial(java.lang.Object, long)'> (0x0000000714ebf020) 
thrown [s\open\src\hotspot\share\interpreter\linkResolver.cpp, line 774]
Event: 0.407 Thread 0x00000238c2d280d0 Exception <a 'java/lang/NoSuchMethodError'{0x0000000714ec6228}: 'java.lang.Object java.lang.invoke.DirectMethodHandle$Holder.invokeStatic(java.lang.Object, long, java.lang.Object)'> (0x0000000714ec6228) 
thrown [s\open\src\hotspot\share\interpreter\linkResolver.cpp, line 774]
Event: 0.407 Thread 0x00000238c2d280d0 Exception <a 'java/lang/NoSuchMethodError'{0x0000000714ec9b28}: 'java.lang.Object java.lang.invoke.DirectMethodHandle$Holder.invokeStaticInit(java.lang.Object, long, java.lang.Object)'> (0x0000000714ec9b28) 
thrown [s\open\src\hotspot\share\interpreter\linkResolver.cpp, line 774]
Event: 0.529 Thread 0x00000238c2d280d0 Exception <a 'sun/nio/fs/WindowsException'{0x0000000714f68cb8}> (0x0000000714f68cb8) 
thrown [s\open\src\hotspot\share\prims\jni.cpp, line 517]
Event: 0.548 Thread 0x00000238c2d280d0 Exception <a 'java/lang/NoSuchMethodError'{0x0000000714fa4b10}: 'int java.lang.invoke.DirectMethodHandle$Holder.invokeStatic(java.lang.Object)'> (0x0000000714fa4b10) 
thrown [s\open\src\hotspot\share\interpreter\linkResolver.cpp, line 774]
Event: 0.548 Thread 0x00000238c2d280d0 Exception <a 'java/lang/NoSuchMethodError'{0x0000000714fa8840}: 'int java.lang.invoke.DelegatingMethodHandle$Holder.reinvoke_L(java.lang.Object)'> (0x0000000714fa8840) 
thrown [s\open\src\hotspot\share\interpreter\linkResolver.cpp, line 774]
Event: 0.556 Thread 0x00000238c2d280d0 Exception <a 'sun/nio/fs/WindowsException'{0x0000000714fdc3d0}> (0x0000000714fdc3d0) 
thrown [s\open\src\hotspot\share\prims\jni.cpp, line 517]
Event: 0.614 Thread 0x00000238c2d280d0 Exception <a 'java/lang/NoSuchMethodError'{0x0000000714d6c0d0}: 'java.lang.Object java.lang.invoke.DirectMethodHandle$Holder.invokeInterface(java.lang.Object, java.lang.Object)'> (0x0000000714d6c0d0) 
thrown [s\open\src\hotspot\share\interpreter\linkResolver.cpp, line 774]
Event: 0.614 Thread 0x00000238c2d280d0 Exception <a 'java/lang/IncompatibleClassChangeError'{0x0000000714d6f970}: Found class java.lang.Object, but interface was expected> (0x0000000714d6f970) 
thrown [s\open\src\hotspot\share\interpreter\linkResolver.cpp, line 841]
Event: 0.839 Thread 0x00000238c2d280d0 Exception <a 'java/lang/NoSuchMethodError'{0x00000007146f1238}: 'long java.lang.invoke.DelegatingMethodHandle$Holder.reinvoke_L(java.lang.Object, java.lang.Object)'> (0x00000007146f1238) 
thrown [s\open\src\hotspot\share\interpreter\linkResolver.cpp, line 774]
Event: 0.843 Thread 0x00000238c2d280d0 Exception <a 'java/lang/NoSuchMethodError'{0x00000007146fb7e8}: 'void java.lang.invoke.DelegatingMethodHandle$Holder.reinvoke_L(java.lang.Object, java.lang.Object, long)'> (0x00000007146fb7e8) 
thrown [s\open\src\hotspot\share\interpreter\linkResolver.cpp, line 774]
Event: 1.360 Thread 0x00000238eb3f9a70 Implicit null exception at 0x00000238d288c092 to 0x00000238d288c290
Event: 1.360 Thread 0x00000238eb3f9a70 Exception <a 'java/lang/NoSuchMethodError'{0x00000007151f8ca0}: 'void java.lang.invoke.DirectMethodHandle$Holder.invokeSpecial(java.lang.Object, java.lang.Object, java.lang.Object)'> (0x00000007151f8ca0) 
thrown [s\open\src\hotspot\share\interpreter\linkResolver.cpp, line 774]
Event: 1.366 Thread 0x00000238eb3f9a70 Exception <a 'java/lang/NoSuchMethodError'{0x0000000714e0fe18}: 'long java.lang.invoke.Invokers$Holder.invokeExact_MT(java.lang.Object, java.lang.Object, java.lang.Object)'> (0x0000000714e0fe18) 
thrown [s\open\src\hotspot\share\interpreter\linkResolver.cpp, line 774]
Event: 1.805 Thread 0x00000238c2d280d0 Exception <a 'java/lang/NoSuchMethodError'{0x0000000714757380}: 'void java.lang.invoke.DirectMethodHandle$Holder.invokeSpecial(java.lang.Object, java.lang.Object, java.lang.Object, java.lang.Object, java.lang.Object)'> (0x0000000714757380) 
thrown [s\open\src\hotspot\share\interpreter\linkResolver.cpp, line 774]
Event: 1.807 Thread 0x00000238c2d280d0 Exception <a 'java/lang/NoSuchMethodError'{0x0000000714765990}: 'void java.lang.invoke.DirectMethodHandle$Holder.invokeSpecial(java.lang.Object, java.lang.Object, int)'> (0x0000000714765990) 
thrown [s\open\src\hotspot\share\interpreter\linkResolver.cpp, line 774]
Event: 1.807 Thread 0x00000238c2d280d0 Exception <a 'java/lang/NoSuchMethodError'{0x000000071476b9b0}: 'java.lang.Object java.lang.invoke.DirectMethodHandle$Holder.newInvokeSpecial(java.lang.Object, java.lang.Object, int)'> (0x000000071476b9b0) 
thrown [s\open\src\hotspot\share\interpreter\linkResolver.cpp, line 774]
Event: 3.634 Thread 0x00000238f7154620 Exception <a 'java/lang/InterruptedException'{0x0000000713d75a30}> (0x0000000713d75a30) 
thrown [s\open\src\hotspot\share\runtime\objectMonitor.cpp, line 1648]

VM Operations (20 events):
Event: 0.059 Executing VM operation: HandshakeAllThreads done
Event: 0.325 Executing VM operation: HandshakeAllThreads
Event: 0.325 Executing VM operation: HandshakeAllThreads done
Event: 0.352 Executing VM operation: HandshakeAllThreads
Event: 0.352 Executing VM operation: HandshakeAllThreads done
Event: 0.528 Executing VM operation: HandshakeAllThreads
Event: 0.528 Executing VM operation: HandshakeAllThreads done
Event: 0.548 Executing VM operation: HandshakeAllThreads
Event: 0.548 Executing VM operation: HandshakeAllThreads done
Event: 0.619 Executing VM operation: HandshakeAllThreads
Event: 0.619 Executing VM operation: HandshakeAllThreads done
Event: 0.623 Executing VM operation: HandshakeAllThreads
Event: 0.623 Executing VM operation: HandshakeAllThreads done
Event: 1.163 Executing VM operation: G1CollectForAllocation
Event: 1.171 Executing VM operation: G1CollectForAllocation done
Event: 2.179 Executing VM operation: Cleanup
Event: 2.179 Executing VM operation: Cleanup done
Event: 3.180 Executing VM operation: Cleanup
Event: 3.180 Executing VM operation: Cleanup done
Event: 3.738 Executing VM operation: Exit

Events (20 events):
Event: 1.808 Thread 0x00000238ed6a53a0 Thread added: 0x00000238ed6a53a0
Event: 1.809 Thread 0x00000238c2d280d0 Thread exited: 0x00000238c2d280d0
Event: 1.809 Thread 0x00000238ed705430 Thread added: 0x00000238ed705430
Event: 1.901 Thread 0x00000238f7437780 Thread added: 0x00000238f7437780
Event: 1.901 Thread 0x00000238f7438720 Thread added: 0x00000238f7438720
Event: 1.906 Thread 0x00000238f7428340 Thread added: 0x00000238f7428340
Event: 2.171 Thread 0x00000238f7428340 Thread exited: 0x00000238f7428340
Event: 2.190 Thread 0x00000238f7438720 Thread exited: 0x00000238f7438720
Event: 2.667 Thread 0x00000238f7437780 Thread exited: 0x00000238f7437780
Event: 3.634 Thread 0x00000238f7154620 Thread exited: 0x00000238f7154620
Event: 3.634 Thread 0x00000238ed707eb0 Thread added: 0x00000238ed707eb0
Event: 3.635 Thread 0x00000238ed704ee0 Thread added: 0x00000238ed704ee0
Event: 3.635 Thread 0x00000238ed707410 Thread added: 0x00000238ed707410
Event: 3.635 Thread 0x00000238ed707eb0 Thread exited: 0x00000238ed707eb0
Event: 3.636 Thread 0x00000238ed706970 Thread added: 0x00000238ed706970
Event: 3.636 Thread 0x00000238ed60b2b0 Thread exited: 0x00000238ed60b2b0
Event: 3.641 Thread 0x00000238eb185030 Thread exited: 0x00000238eb185030
Event: 3.664 Thread 0x00000238eb3f9a70 Thread exited: 0x00000238eb3f9a70
Event: 3.671 Thread 0x00000238ed704ee0 Thread exited: 0x00000238ed704ee0
Event: 3.738 Thread 0x00000238ed707410 Thread exited: 0x00000238ed707410


Dynamic libraries:
0x00007ff6c0f40000 - 0x00007ff6c0f50000 	C:\Program Files\Java\jdk-19\bin\java.exe
0x00007ffcce690000 - 0x00007ffcce8a4000 	C:\WINDOWS\SYSTEM32\ntdll.dll
0x00007ffccd9c0000 - 0x00007ffccda83000 	C:\WINDOWS\System32\KERNEL32.DLL
0x00007ffccbc90000 - 0x00007ffccc02d000 	C:\WINDOWS\System32\KERNELBASE.dll
0x00007ffccbab0000 - 0x00007ffccbbc1000 	C:\WINDOWS\System32\ucrtbase.dll
0x00007ffcc5a50000 - 0x00007ffcc5a6b000 	C:\Program Files\Java\jdk-19\bin\VCRUNTIME140.dll
0x00007ffcc1c30000 - 0x00007ffcc1c48000 	C:\Program Files\Java\jdk-19\bin\jli.dll
0x00007ffcce010000 - 0x00007ffcce0be000 	C:\WINDOWS\System32\ADVAPI32.dll
0x00007ffcce590000 - 0x00007ffcce637000 	C:\WINDOWS\System32\msvcrt.dll
0x00007ffccc990000 - 0x00007ffccca34000 	C:\WINDOWS\System32\sechost.dll
0x00007ffcccc20000 - 0x00007ffcccd35000 	C:\WINDOWS\System32\RPCRT4.dll
0x00007ffccce80000 - 0x00007ffccd02d000 	C:\WINDOWS\System32\USER32.dll
0x00007ffccc450000 - 0x00007ffccc476000 	C:\WINDOWS\System32\win32u.dll
0x00007ffccc960000 - 0x00007ffccc989000 	C:\WINDOWS\System32\GDI32.dll
0x00007ffcb0170000 - 0x00007ffcb03fe000 	C:\WINDOWS\WinSxS\amd64_microsoft.windows.common-controls_6595b64144ccf1df_6.0.22621.608_none_a9444ca7c10bb01d\COMCTL32.dll
0x00007ffccc240000 - 0x00007ffccc352000 	C:\WINDOWS\System32\gdi32full.dll
0x00007ffccc1a0000 - 0x00007ffccc23a000 	C:\WINDOWS\System32\msvcp_win.dll
0x00007ffcc1a30000 - 0x00007ffcc1a3a000 	C:\WINDOWS\SYSTEM32\VERSION.dll
0x00007ffccc820000 - 0x00007ffccc852000 	C:\WINDOWS\System32\IMM32.DLL
0x00007ffcc69b0000 - 0x00007ffcc69bc000 	C:\Program Files\Java\jdk-19\bin\vcruntime140_1.dll
0x00007ffcadfb0000 - 0x00007ffcae03e000 	C:\Program Files\Java\jdk-19\bin\msvcp140.dll
0x00007ffc50bf0000 - 0x00007ffc518b0000 	C:\Program Files\Java\jdk-19\bin\server\jvm.dll
0x00007ffcc3fc0000 - 0x00007ffcc3ff4000 	C:\WINDOWS\SYSTEM32\WINMM.dll
0x00007ffcbe920000 - 0x00007ffcbe929000 	C:\WINDOWS\SYSTEM32\WSOCK32.dll
0x00007ffcccd40000 - 0x00007ffcccdb1000 	C:\WINDOWS\System32\WS2_32.dll
0x00007ffccabf0000 - 0x00007ffccac08000 	C:\WINDOWS\SYSTEM32\kernel.appcore.dll
0x00007ffcc1c20000 - 0x00007ffcc1c2a000 	C:\Program Files\Java\jdk-19\bin\jimage.dll
0x00007ffcc8f00000 - 0x00007ffcc912e000 	C:\WINDOWS\SYSTEM32\DBGHELP.DLL
0x00007ffccdaa0000 - 0x00007ffccde2a000 	C:\WINDOWS\System32\combase.dll
0x00007ffccc580000 - 0x00007ffccc657000 	C:\WINDOWS\System32\OLEAUT32.dll
0x00007ffcc1a60000 - 0x00007ffcc1a92000 	C:\WINDOWS\SYSTEM32\dbgcore.DLL
0x00007ffccc360000 - 0x00007ffccc3db000 	C:\WINDOWS\System32\bcryptPrimitives.dll
0x00007ffcbca80000 - 0x00007ffcbcaa6000 	C:\Program Files\Java\jdk-19\bin\java.dll
0x00007ffc98490000 - 0x00007ffc98567000 	C:\Program Files\Java\jdk-19\bin\jsvml.dll
0x00007ffccd0b0000 - 0x00007ffccd89f000 	C:\WINDOWS\System32\SHELL32.dll
0x00007ffcc9a90000 - 0x00007ffcca358000 	C:\WINDOWS\SYSTEM32\windows.storage.dll
0x00007ffcc9950000 - 0x00007ffcc9a8e000 	C:\WINDOWS\SYSTEM32\wintypes.dll
0x00007ffccc860000 - 0x00007ffccc951000 	C:\WINDOWS\System32\SHCORE.dll
0x00007ffccd050000 - 0x00007ffccd0ae000 	C:\WINDOWS\System32\shlwapi.dll
0x00007ffccb9e0000 - 0x00007ffccba01000 	C:\WINDOWS\SYSTEM32\profapi.dll
0x00007ffcbc6f0000 - 0x00007ffcbc703000 	C:\Program Files\Java\jdk-19\bin\net.dll
0x00007ffcc5910000 - 0x00007ffcc5a3f000 	C:\WINDOWS\SYSTEM32\WINHTTP.dll
0x00007ffccb060000 - 0x00007ffccb0c9000 	C:\WINDOWS\system32\mswsock.dll
0x00007ffcb45b0000 - 0x00007ffcb45c6000 	C:\Program Files\Java\jdk-19\bin\nio.dll
0x00007ffcb4590000 - 0x00007ffcb45a8000 	C:\Program Files\Java\jdk-19\bin\zip.dll
0x00007ffc4c8e0000 - 0x00007ffc4ca71000 	C:\Program Files\Java\jdk-19\bin\awt.dll
0x00007ffcc8710000 - 0x00007ffcc87a7000 	C:\WINDOWS\SYSTEM32\apphelp.dll
0x00007ffcc8800000 - 0x00007ffcc88ab000 	C:\WINDOWS\system32\uxtheme.dll
0x00007ffccd8a0000 - 0x00007ffccd9be000 	C:\WINDOWS\System32\MSCTF.dll
0x00007ffccc670000 - 0x00007ffccc80c000 	C:\WINDOWS\System32\ole32.dll
0x00007ffcc8a70000 - 0x00007ffcc8a9b000 	C:\WINDOWS\system32\DWMAPI.DLL
0x00007ffc54700000 - 0x00007ffc54800000 	C:\WINDOWS\system32\opengl32.dll
0x00007ffc56190000 - 0x00007ffc561bd000 	C:\WINDOWS\SYSTEM32\GLU32.dll
0x00007ffcc8eb0000 - 0x00007ffcc8ee6000 	C:\WINDOWS\SYSTEM32\dxcore.dll
0x00007ffccb2b0000 - 0x00007ffccb2cb000 	C:\WINDOWS\SYSTEM32\CRYPTSP.dll
0x00007ffccab60000 - 0x00007ffccab95000 	C:\WINDOWS\system32\rsaenh.dll
0x00007ffccb150000 - 0x00007ffccb178000 	C:\WINDOWS\SYSTEM32\USERENV.dll
0x00007ffccb470000 - 0x00007ffccb498000 	C:\WINDOWS\SYSTEM32\bcrypt.dll
0x00007ffccb2d0000 - 0x00007ffccb2dc000 	C:\WINDOWS\SYSTEM32\CRYPTBASE.dll
0x00007ffcca5b0000 - 0x00007ffcca5dd000 	C:\WINDOWS\SYSTEM32\IPHLPAPI.DLL
0x00007ffccc810000 - 0x00007ffccc819000 	C:\WINDOWS\System32\NSI.dll
0x00007ffcc4280000 - 0x00007ffcc4299000 	C:\WINDOWS\SYSTEM32\dhcpcsvc6.DLL
0x00007ffcc4260000 - 0x00007ffcc427f000 	C:\WINDOWS\SYSTEM32\dhcpcsvc.DLL
0x00007ffcca5e0000 - 0x00007ffcca6d2000 	C:\WINDOWS\SYSTEM32\DNSAPI.dll
0x000000006e8c0000 - 0x000000006e8cd000 	C:\Users\jayse\AppData\Local\Temp\jogamp_0000\file_cache\jln15444309365117154133\jln8811479515268205882\natives\windows-amd64\gluegen_rt.dll
0x00007ffcbcd10000 - 0x00007ffcbcd17000 	C:\Program Files\Java\jdk-19\bin\jawt.dll
0x000000006a440000 - 0x000000006a44d000 	C:\Users\jayse\AppData\Local\Temp\jogamp_0000\file_cache\jln15444309365117154133\jln8811479515268205882\natives\windows-amd64\nativewindow_awt.dll
0x000000006c100000 - 0x000000006c110000 	C:\Users\jayse\AppData\Local\Temp\jogamp_0000\file_cache\jln15444309365117154133\jln8811479515268205882\natives\windows-amd64\nativewindow_win32.dll
0x0000000064500000 - 0x0000000064585000 	C:\Users\jayse\AppData\Local\Temp\jogamp_0000\file_cache\jln15444309365117154133\jln8811479515268205882\natives\windows-amd64\jogl_desktop.dll
0x0000000064340000 - 0x0000000064391000 	C:\Users\jayse\AppData\Local\Temp\jogamp_0000\file_cache\jln15444309365117154133\jln8811479515268205882\natives\windows-amd64\jogl_mobile.dll
0x00007ffcc58c0000 - 0x00007ffcc5909000 	C:\WINDOWS\SYSTEM32\directxdatabasehelper.dll
0x00007ffcccdc0000 - 0x00007ffccce77000 	C:\WINDOWS\System32\clbcatq.dll
0x00007ffc422e0000 - 0x00007ffc4338e000 	C:\WINDOWS\System32\DriverStore\FileRepository\iigd_dch.inf_amd64_7b84c078879a413a\igxelpicd64.dll
0x00007ffcc8970000 - 0x00007ffcc8a67000 	C:\WINDOWS\system32\dxgi.dll
0x00007ffc4c7b0000 - 0x00007ffc4c8d4000 	C:\WINDOWS\System32\DriverStore\FileRepository\iigd_dch.inf_amd64_7b84c078879a413a\igdml64.dll
0x00007ffcbe3d0000 - 0x00007ffcbe7dc000 	C:\WINDOWS\System32\DriverStore\FileRepository\iigd_dch.inf_amd64_7b84c078879a413a\igdgmm64.dll
0x00007ffccb760000 - 0x00007ffccb793000 	C:\WINDOWS\SYSTEM32\DEVOBJ.dll
0x00007ffccb7a0000 - 0x00007ffccb7ee000 	C:\WINDOWS\SYSTEM32\cfgmgr32.dll
0x00007ffccc3e0000 - 0x00007ffccc44b000 	C:\WINDOWS\System32\WINTRUST.dll
0x00007ffccc030000 - 0x00007ffccc196000 	C:\WINDOWS\System32\CRYPT32.dll
0x00007ffccb310000 - 0x00007ffccb322000 	C:\WINDOWS\SYSTEM32\MSASN1.dll
0x00007ffcb6f90000 - 0x00007ffcba73f000 	C:\WINDOWS\System32\DriverStore\FileRepository\iigd_dch.inf_amd64_7b84c078879a413a\igc64.dll
0x00007ffcca9c0000 - 0x00007ffccaa0d000 	C:\WINDOWS\SYSTEM32\powrprof.dll
0x00007ffcca9a0000 - 0x00007ffcca9b3000 	C:\WINDOWS\SYSTEM32\UMPDC.dll
0x0000000070d80000 - 0x0000000070d93000 	C:\Users\jayse\AppData\Local\Temp\jogamp_0000\file_cache\jln15444309365117154133\jln8811479515268205882\natives\windows-amd64\newt_head.dll
0x00007ffcc50a0000 - 0x00007ffcc515d000 	C:\WINDOWS\SYSTEM32\mscms.dll
0x00007ffc9a120000 - 0x00007ffc9a169000 	C:\WINDOWS\SYSTEM32\icm32.dll
0x00007ffcce110000 - 0x00007ffcce58a000 	C:\WINDOWS\System32\setupapi.dll
0x00007ffcc1e20000 - 0x00007ffcc1f4d000 	C:\WINDOWS\SYSTEM32\textinputframework.dll
0x00007ffcc8410000 - 0x00007ffcc8543000 	C:\WINDOWS\SYSTEM32\CoreMessaging.dll
0x00007ffcc2f60000 - 0x00007ffcc32cc000 	C:\WINDOWS\SYSTEM32\CoreUIComponents.dll
0x00007ffca7fd0000 - 0x00007ffca8039000 	C:\WINDOWS\system32\Oleacc.dll

dbghelp: loaded successfully - version: 4.0.5 - missing functions: none
symbol engine: initialized successfully - sym options: 0x614 - pdb path: .;C:\Program Files\Java\jdk-19\bin;C:\WINDOWS\SYSTEM32;C:\WINDOWS\WinSxS\amd64_microsoft.windows.common-controls_6595b64144ccf1df_6.0.22621.608_none_a9444ca7c10bb01d;C:\Program Files\Java\jdk-19\bin\server;C:\Users\jayse\AppData\Local\Temp\jogamp_0000\file_cache\jln15444309365117154133\jln8811479515268205882\natives\windows-amd64;C:\WINDOWS\System32\DriverStore\FileRepository\iigd_dch.inf_amd64_7b84c078879a413a

VM Arguments:
jvm_args: -XX:+ShowCodeDetailsInExceptionMessages 
java_command: run.Main
java_class_path (initial): C:\Users\jayse\Documents\GitHub\Better3dCube\target\classes;C:\Users\jayse\.m2\repository\com\github\micycle1\processing-core-4\4.1.1\processing-core-4-4.1.1.jar;C:\Users\jayse\.m2\repository\org\openjfx\javafx-controls\18.0.2\javafx-controls-18.0.2.jar;C:\Users\jayse\.m2\repository\org\openjfx\javafx-controls\18.0.2\javafx-controls-18.0.2-win.jar;C:\Users\jayse\.m2\repository\org\openjfx\javafx-graphics\18.0.2\javafx-graphics-18.0.2.jar;C:\Users\jayse\.m2\repository\org\openjfx\javafx-graphics\18.0.2\javafx-graphics-18.0.2-win.jar;C:\Users\jayse\.m2\repository\org\openjfx\javafx-base\18.0.2\javafx-base-18.0.2.jar;C:\Users\jayse\.m2\repository\org\openjfx\javafx-base\18.0.2\javafx-base-18.0.2-win.jar;C:\Users\jayse\.m2\repository\me\friwi\jogl-all\v2.4.0-rc-20210111\jogl-all-v2.4.0-rc-20210111.jar;C:\Users\jayse\.m2\repository\me\friwi\gluegen-rt\v2.4.0-rc-20210111\gluegen-rt-v2.4.0-rc-20210111.jar
Launcher Type: SUN_STANDARD

[Global flags]
     intx CICompilerCount                          = 12                                        {product} {ergonomic}
     uint ConcGCThreads                            = 3                                         {product} {ergonomic}
     uint G1ConcRefinementThreads                  = 13                                        {product} {ergonomic}
   size_t G1HeapRegionSize                         = 2097152                                   {product} {ergonomic}
    uintx GCDrainStackTargetSize                   = 64                                        {product} {ergonomic}
   size_t InitialHeapSize                          = 264241152                                 {product} {ergonomic}
   size_t MarkStackSize                            = 4194304                                   {product} {ergonomic}
   size_t MaxHeapSize                              = 4196401152                                {product} {ergonomic}
   size_t MaxNewSize                               = 2516582400                                {product} {ergonomic}
   size_t MinHeapDeltaBytes                        = 2097152                                   {product} {ergonomic}
   size_t MinHeapSize                              = 8388608                                   {product} {ergonomic}
    uintx NonNMethodCodeHeapSize                   = 7602480                                {pd product} {ergonomic}
    uintx NonProfiledCodeHeapSize                  = 122027880                              {pd product} {ergonomic}
    uintx ProfiledCodeHeapSize                     = 122027880                              {pd product} {ergonomic}
    uintx ReservedCodeCacheSize                    = 251658240                              {pd product} {ergonomic}
     bool SegmentedCodeCache                       = true                                      {product} {ergonomic}
     bool ShowCodeDetailsInExceptionMessages       = true                                   {manageable} {command line}
   size_t SoftMaxHeapSize                          = 4196401152                             {manageable} {ergonomic}
     bool UseCompressedClassPointers               = true                           {product lp64_product} {ergonomic}
     bool UseCompressedOops                        = true                           {product lp64_product} {ergonomic}
     bool UseG1GC                                  = true                                      {product} {ergonomic}
     bool UseLargePagesIndividualAllocation        = false                                  {pd product} {ergonomic}

Logging:
Log output configuration:
 #0: stdout all=off uptime,level,tags foldmultilines=false
 #1: stderr all=off uptime,level,tags foldmultilines=false

Environment Variables:
JAVA_HOME=C:\Program Files\Java\jdk-19
PATH=C:\Program Files\Common Files\Oracle\Java\javapath;C:\Windows\system32;C:\Windows;C:\Windows\System32\Wbem;C:\Windows\System32\WindowsPowerShell\v1.0\;C:\Windows\System32\OpenSSH\;C:\Program Files (x86)\NVIDIA Corporation\PhysX\Common;C:\Program Files\NVIDIA Corporation\NVIDIA NvDLISR;C:\WINDOWS\system32;C:\WINDOWS;C:\WINDOWS\System32\Wbem;C:\WINDOWS\System32\WindowsPowerShell\v1.0\;C:\WINDOWS\System32\OpenSSH\;C:\Program Files\Git\cmd;C:\Program Files\nodejs\;C:\mingw64\bin;C:\Users\jayse\.cargo\bin;C:\Program Files\Java\jdk-19\bin;C:\Users\jayse\AppData\Local\Microsoft\WindowsApps;C:\Users\jayse\AppData\Local\Programs\Microsoft VS Code\bin;C:\Users\jayse\AppData\Local\GitHubDesktop\bin;C:\Users\jayse\AppData\Local\JetBrains\Toolbox\scripts;C:\Users\jayse\AppData\Local\spicetify;C:\Users\jayse\AppData\Roaming\npm;C:\Users\jayse\AppData\Local\Programs\Microsoft VS Code Insiders\bin;C:\apache-maven-3.9.0\bin;
USERNAME=jayse
LANG=en_US.UTF-8
OS=Windows_NT
PROCESSOR_IDENTIFIER=Intel64 Family 6 Model 154 Stepping 3, GenuineIntel
TMP=C:\Users\jayse\AppData\Local\Temp
TEMP=C:\Users\jayse\AppData\Local\Temp



---------------  S Y S T E M  ---------------

OS:
 Windows 11 , 64 bit Build 22621 (10.0.22621.1105)
OS uptime: 0 days 3:53 hours
Hyper-V role detected

CPU: total 16 (initial active 16) (8 cores per cpu, 2 threads per core) family 6 model 154 stepping 3 microcode 0x41c, cx8, cmov, fxsr, ht, mmx, 3dnowpref, sse, sse2, sse3, ssse3, sse4.1, sse4.2, popcnt, lzcnt, tsc, tscinvbit, avx, avx2, aes, erms, clmul, bmi1, bmi2, adx, sha, fma, vzeroupper, clflush, clflushopt, clwb, hv, serialize, rdtscp, rdpid, fsrm

Memory: 4k page, system-wide physical 16006M (3186M free)
TotalPageFile size 23686M (AvailPageFile size 5962M)
current process WorkingSet (physical memory assigned to process): 308M, peak: 312M
current process commit charge ("private bytes"): 559M, peak: 564M

vm_info: Java HotSpot(TM) 64-Bit Server VM (19.0.1+10-21) for windows-amd64 JRE (19.0.1+10-21), built on 2022-09-14T12:45:06Z by "mach5one" with MS VC++ 17.1 (VS2022)

END.
